[    0.000000] Initializing cgroup subsys cpuset
[    0.000000] Initializing cgroup subsys cpu
[    0.000000] Initializing cgroup subsys cpuacct
[    0.000000] Linux version 4.4.0-112-generic (buildd@lgw01-amd64-010) (gcc version 5.4.0 20160609 (Ubuntu 5.4.0-6ubuntu1~16.04.5) ) #135-Ubuntu SMP Fri Jan 19 11:48:36 UTC 2018 (Ubuntu 4.4.0-112.135-generic 4.4.98)
[    0.000000] Command line: BOOT_IMAGE=/boot/vmlinuz-4.4.0-112-generic root=LABEL=cloudimg-rootfs ro console=tty1 console=ttyS0
[    0.000000] KERNEL supported cpus:
[    0.000000]   Intel GenuineIntel
[    0.000000]   AMD AuthenticAMD
[    0.000000]   Centaur CentaurHauls
[    0.000000] x86/fpu: xstate_offset[2]:  576, xstate_sizes[2]:  256
[    0.000000] x86/fpu: Supporting XSAVE feature 0x01: 'x87 floating point registers'
[    0.000000] x86/fpu: Supporting XSAVE feature 0x02: 'SSE registers'
[    0.000000] x86/fpu: Supporting XSAVE feature 0x04: 'AVX registers'
[    0.000000] x86/fpu: Enabled xstate features 0x7, context size is 832 bytes, using 'standard' format.
[    0.000000] x86/fpu: Using 'lazy' FPU context switches.
[    0.000000] e820: BIOS-provided physical RAM map:
[    0.000000] BIOS-e820: [mem 0x0000000000000000-0x000000000009fbff] usable
[    0.000000] BIOS-e820: [mem 0x000000000009fc00-0x000000000009ffff] reserved
[    0.000000] BIOS-e820: [mem 0x00000000000f0000-0x00000000000fffff] reserved
[    0.000000] BIOS-e820: [mem 0x0000000000100000-0x000000001ffeffff] usable
[    0.000000] BIOS-e820: [mem 0x000000001fff0000-0x000000001fffffff] ACPI data
[    0.000000] BIOS-e820: [mem 0x00000000fec00000-0x00000000fec00fff] reserved
[    0.000000] BIOS-e820: [mem 0x00000000fee00000-0x00000000fee00fff] reserved
[    0.000000] BIOS-e820: [mem 0x00000000fffc0000-0x00000000ffffffff] reserved
[    0.000000] NX (Execute Disable) protection: active
[    0.000000] SMBIOS 2.5 present.
[    0.000000] Hypervisor detected: KVM
[    0.000000] e820: last_pfn = 0x1fff0 max_arch_pfn = 0x400000000
[    0.000000] MTRR: Disabled
[    0.000000] x86/PAT: MTRRs disabled, skipping PAT initialization too.
[    0.000000] CPU MTRRs all blank - virtualized system.
[    0.000000] x86/PAT: Configuration [0-7]: WB  WT  UC- UC  WB  WT  UC- UC  
[    0.000000] found SMP MP-table at [mem 0x0009fff0-0x0009ffff] mapped at [ffff88000009fff0]
[    0.000000] Scanning 1 areas for low memory corruption
[    0.000000] RAMDISK: [mem 0x1ecf4000-0x1f77dfff]
[    0.000000] ACPI: Early table checksum verification disabled
[    0.000000] ACPI: RSDP 0x00000000000E0000 000024 (v02 VBOX  )
[    0.000000] ACPI: XSDT 0x000000001FFF0030 00003C (v01 VBOX   VBOXXSDT 00000001 ASL  00000061)
[    0.000000] ACPI: FACP 0x000000001FFF00F0 0000F4 (v04 VBOX   VBOXFACP 00000001 ASL  00000061)
[    0.000000] ACPI: DSDT 0x000000001FFF0470 0021C8 (v02 VBOX   VBOXBIOS 00000002 INTL 20100528)
[    0.000000] ACPI: FACS 0x000000001FFF0200 000040
[    0.000000] ACPI: FACS 0x000000001FFF0200 000040
[    0.000000] ACPI: APIC 0x000000001FFF0240 00005C (v02 VBOX   VBOXAPIC 00000001 ASL  00000061)
[    0.000000] ACPI: SSDT 0x000000001FFF02A0 0001CC (v01 VBOX   VBOXCPUT 00000002 INTL 20100528)
[    0.000000] No NUMA configuration found
[    0.000000] Faking a node at [mem 0x0000000000000000-0x000000001ffeffff]
[    0.000000] NODE_DATA(0) allocated [mem 0x1ffeb000-0x1ffeffff]
[    0.000000] kvm-clock: Using msrs 4b564d01 and 4b564d00
[    0.000000] kvm-clock: cpu 0, msr 0:1ffe3001, primary cpu clock
[    0.000000] kvm-clock: using sched offset of 3434315872 cycles
[    0.000000] clocksource: kvm-clock: mask: 0xffffffffffffffff max_cycles: 0x1cd42e4dffb, max_idle_ns: 881590591483 ns
[    0.000000] Zone ranges:
[    0.000000]   DMA      [mem 0x0000000000001000-0x0000000000ffffff]
[    0.000000]   DMA32    [mem 0x0000000001000000-0x000000001ffeffff]
[    0.000000]   Normal   empty
[    0.000000]   Device   empty
[    0.000000] Movable zone start for each node
[    0.000000] Early memory node ranges
[    0.000000]   node   0: [mem 0x0000000000001000-0x000000000009efff]
[    0.000000]   node   0: [mem 0x0000000000100000-0x000000001ffeffff]
[    0.000000] Initmem setup node 0 [mem 0x0000000000001000-0x000000001ffeffff]
[    0.000000] ACPI: PM-Timer IO Port: 0x4008
[    0.000000] IOAPIC[0]: apic_id 2, version 32, address 0xfec00000, GSI 0-23
[    0.000000] ACPI: INT_SRC_OVR (bus 0 bus_irq 0 global_irq 2 dfl dfl)
[    0.000000] ACPI: INT_SRC_OVR (bus 0 bus_irq 9 global_irq 9 high level)
[    0.000000] Using ACPI (MADT) for SMP configuration information
[    0.000000] smpboot: Allowing 2 CPUs, 0 hotplug CPUs
[    0.000000] PM: Registered nosave memory: [mem 0x00000000-0x00000fff]
[    0.000000] PM: Registered nosave memory: [mem 0x0009f000-0x0009ffff]
[    0.000000] PM: Registered nosave memory: [mem 0x000a0000-0x000effff]
[    0.000000] PM: Registered nosave memory: [mem 0x000f0000-0x000fffff]
[    0.000000] e820: [mem 0x20000000-0xfebfffff] available for PCI devices
[    0.000000] Booting paravirtualized kernel on KVM
[    0.000000] clocksource: refined-jiffies: mask: 0xffffffff max_cycles: 0xffffffff, max_idle_ns: 7645519600211568 ns
[    0.000000] setup_percpu: NR_CPUS:512 nr_cpumask_bits:512 nr_cpu_ids:2 nr_node_ids:1
[    0.000000] PERCPU: Embedded 34 pages/cpu @ffff88001fc00000 s99544 r8192 d31528 u1048576
[    0.000000] PV qspinlock hash table entries: 256 (order: 0, 4096 bytes)
[    0.000000] Built 1 zonelists in Node order, mobility grouping on.  al pages: 12889
[    0.00000] Policy zone: DMA32
[    0.000000] Kernel command line: BOOT_IMAGE=/boot/vmlinuz-4.4.0-112-generic root=LABEL=cloudimg-rootfs ro console=tty1 console=ttyS0
[    0.000000] PID hash table entries: 2048 (order: 2, 16384 bytes)
[    0.000000] Memory: 485660K/523832K available (8499K kernel code, 1309K rwdata, 3988K rodata, 1508K init, 1316K bss, 38172K reserved, 0K cma-reserved)
[    0.000000] SLUB: HWalign=64, Order=0-3, MinObjects=0, CPUs=2, Nodes=1
[    0.000000] Kernel/User page tables isolation: enabled
[    0.000000] Hierarchical RCU implementation.
[    0.000000] 	Build-time adjustment of leaf fanout to 64.
[    0.000000] 	RCU restricting CPUs from NR_CPUS=512 to nr_cpu_ids=2.
[    0.000000] RCU: Adjusting geometry for rcu_fanout_leaf=64, nr_cpu_ids=2
[    0.000000] NR_IRQS:33024 nr_irqs:440 16
[    0.000000] Console: colour VGA+ 80x25
[    0.000000] console [tty1] enabled
[    0.000000] console [ttyS0] enabled
[    0.000000] tsc: Detected 2700.000 MHz processor
[    7.599040] Calibrating delay loop (skipped) preset value.. 5400.00 BogoMIPS (lpj=10800000)
[    7.733817] pid_max: default: 32768 minimum: 301
[    7.816900] ACPI: Core revision 20150930
[    7.890143] ACPI: 2 ACPI AML tables successfully acquired and loaded
[    7.978620] Security Framework initialized
[    8.033569] Yama: becoming mindful.
[    8.087867] AppArmor: AppArmor initialized
[    8.156639] Dentry cache hash table entries: 65536 (order: 7, 524288 bytes)
[    8.263171] Inode-cache hash table entries: 32768 (order: 6, 262144 bytes)
[    8.374069] Mount-cache hash table entries: 1024 (order: 1, 8192 bytes)
[    8.483656] Mountpoint-cache hash table entries: 1024 (order: 1, 8192 bytes)
[    8.577077] Initializing cgroup subsys io
[    8.643441] Initializing cgroup subsys memory
[    8.716573] Initializing cgroup subsys devices
[    8.796719] Initializing cgroup subsys freezer
[    8.871321] Initializing cgroup subsys net_cls
[    8.949268] Initializing cgroup subsys perf_event
[    9.032285] Initializing cgroup subsys net_prio
[    9.094605] Initializing cgroup subsys hugetlb
[    9.167561] Initializing cgroup subsys pids
[    9.221024] CPU: Physical Processor ID: 0
[    9.301945] CPU: Processor Core ID: 0
[    9.357316] FEATURE SPEC_CTRL Not Present
[    9.420323] mce: CPU supports 0 MCE banks
[    9.482111] Last level iTLB entries: 4KB 64, 2MB 8, 4MB 8
[    9.556895] Last level dTLB entries: 4KB 64, 2MB 0, 4MB 0, 1GB 4
[    9.669279] Freeing SMP alternatives memory: 32K
[    9.744456] ftrace: allocating 32180 entries in 126 pages
[    9.882582] smpboot: APIC(0) Converting physical 0 to logical package 0
[    9.971501] smpboot: Max logical packages: 1
[   10.018750] x2apic enabled
[   10.052648] Switched APIC routing to physical x2apic.
[   10.122915] ..TIMER: vector=0x30 apic1=0 pin1=2 apic2=-1 pin2=-1
[   10.342704] smpboot: CPU0: Intel(R) Core(TM) i5-5257U CPU @ 2.70GHz (family: 0x6, model: 0x3d, stepping: 0x4)
[   10.439496] Performance Events: unsupported p6 CPU model 61 no PMU driver, software events only.
[   10.506583] KVM setup paravirtual spinlock
[   10.600207] x86: Booting SMP configuration:
[   10.655489] .... node  #0, CPUs:      #1
[   10.679121] kvm-clock: cpu 1, msr 0:1ffe3041, secondary cpu clock
[   10.696872] mce: CPU supports 0 MCE banks
[   10.713987] x86: Booted up 1 node, 2 CPUs
[   10.769192] smpboot: Total of 2 processors activated (10800.00 BogoMIPS)
[   10.871874] devtmpfs: initialized
[   10.909415] evm: security.selinux
[   10.958557] evm: security.SMACK64
[   10.988033] evm: security.SMACK64EXEC
[   11.018570] evm: security.SMACK64TRANSMUTE
[   11.021846] evm: security.SMACK64MMAP
[   11.072428] evm: security.ima
[   11.108966] evm: security.capability
[   11.160629] clocksource: jiffies: mask: 0xffffffff max_cycles: 0xffffffff, max_idle_ns: 7645041785100000 ns
[   11.253581] futex hash table entries: 512 (order: 3, 32768 bytes)
[   11.311289] pinctrl core: initialized pinctrl subsystem
[   11.380745] RTC time: 18:58:59, date: 02/05/18
[   11.389039] NET: Registered protocol family 16
[   11.402624] cpuidle: using governor ladder
[   11.450121] cpuidle: using governor menu
[   11.490329] PCCT header not found.
[   11.518730] ACPI: bus type PCI registered
[   11.567720] acpiphp: ACPI Hot Plug PCI Controller Driver version: 0.5
[   11.636461] PCI: Using configuration type 1 for base access
[   11.708265] ACPI: Added _OSI(Module Device)
[   11.762090] ACPI: Added _OSI(Processor Device)
[   11.820959] ACPI: Added _OSI(3.0 _SCP Extensions)
[   11.862718] ACPI: Added _OSI(Processor Aggregator Device)
[   11.939078] ACPI: Executed 1 blocks of module-level executable AML code
[   12.033180] ACPI: Interpreter enabled
[   12.078456] ACPI: (supports S0 S5)
[   12.127329] ACPI: Using IOAPIC for interrupt routing
[   12.207612] PCI: Using host bridge windows from ACPI; if necessary, use "pci=nocrs" and report a bug
[   12.326500] ACPI: PCI Root Bridge [PCI0] (domain 0000 [bus 00-ff])
[   12.426194] acpi PNP0A03:00: _OSC: OS supports [ASPM ClockPM Segments MSI]
[   12.458215] acpi PNP0A03:00: _OSC failed (AE_NOT_FOUND); disabling ASPM
[   12.474422] acpi PNP0A03:00: fail to add MMCONFIG information, can't access extended PCI configuration space under this bridge.
[   12.504117] PCI host bridge to bus 0000:00
[   12.514881] pci_bus 0000:00: root bus resource [io  0x0000-0x0cf7 window]
[   12.520564] pci_bus 0000:00: root bus resource [io  0x0d00-0xffff window]
[   12.532402] pci_bus 0000:00: root bus resource [mem 0x000a0000-0x000bffff window]
[   12.550400] pci_bus 0000:00: root bus resource [mem 0x20000000-0xffdfffff window]
[   12.566896] pci_bus 0000:00: root bus resource [bus 00-ff]
[   12.597619] pci 0000:00:01.1: legacy IDE quirk: reg 0x10: [io  0x01f0-0x01f7]
[   12.617309] pci 0000:00:01.1: legacy IDE quirk: reg 0x14: [io  0x03f6]
[   12.625611] pci 0000:00:01.1: legacy IDE quirk: reg 0x18: [io  0x0170-0x0177]
[   12.652612] pci 0000:00:01.1: legacy IDE quirk: reg 0x1c: [io  0x0376]
[   12.789440] pci 0000:00:07.0: quirk: [io  0x4000-0x403f] claimed by PIIX4 ACPI
[   12.850028] pci 0000:00:07.0: quirk: [io  0x4100-0x410f] claimed by PIIX4 SMB
[   12.928365] ACPI: PCI Interrupt Link [LNKA] (IRQs 5 9 10 *11)
[   12.963676] ACPI: PCI Interrupt Link [LNKB] (IRQs 5 9 10 *11)
[   12.982445] ACPI: PCI Interrupt Link [LNKC] (IRQs 5 9 *10 11)
[   12.995678] ACPI: PCI Interrupt Link [LNKD] (IRQs 5 *9 10 11)
[   13.010293] ACPI: Enabled 2 GPEs in block 00 to 07
[   13.029767] vgaarb: setting as boot device: PCI:0000:00:02.0
[   13.065923] vgaarb: device added: PCI:0000:00:02.0,decodes=io+mem,owns=io+mem,locks=none
[   13.158850] vgaarb: loaded
[   13.194946] vgaarb: bridge control possible 0000:00:02.0
[   13.229704] SCSI subsystem initialized
[   13.248314] ACPI: bus type USB registered
[   13.283091] usbcore: registered new interface driver usbfs
[   13.364860] usbcore: registered new interface driver hub
[   13.397323] usbcore: registered new device driver usb
[   13.428092] PCI: Using ACPI for IRQ routing
[   13.438580] NetLabel: Initializing
[   13.445722] NetLabel:  domain hash size = 128
[   13.447261] NetLabel:  protocols = UNLABELED CIPSOv4
[   13.448990] NetLabel:  unlabeled traffic allowed by default
[   13.493163] amd_nb: Cannot enumerate AMD northbridges
[   13.566250] clocksource: Switched to clocksource kvm-clock
[   13.648613] AppArmor: AppArmor Filesystem Enabled
[   13.745050] pnp: PnP ACPI init
[   13.790747] pnp: PnP ACPI: found 3 devices
[   13.817552] clocksource: acpi_pm: mask: 0xffffff max_cycles: 0xffffff, max_idle_ns: 2085701024 ns
[   13.974936] NET: Registered protocol family 2
[   13.990997] TCP established hash table entries: 4096 (order: 3, 32768 bytes)
[   14.022369] TCP bind hash table entries: 4096 (order: 4, 65536 bytes)
[   14.036415] TCP: Hash tables configured (established 4096 bind 4096)
[   14.089178] UDP hash table entries: 256 (order: 1, 8192 bytes)
[   14.121089] UDP-Lite hash table entries: 256 (order: 1, 8192 bytes)
[   14.226870] NET: Registered protocol family 1
[   14.265062] pci 0000:00:00.0: Limiting direct PCI/PCI transfers
[   14.279015] pci 0000:00:01.0: Activating ISA DMA hang workarounds
[   14.311535] Unpacking initramfs...
[   16.252596] Freeing initrd memory: 10792K
[   16.363075] RAPL PMU detected, API unit is 2^-32 Joules, 4 fixed counters 10737418240 ms ovfl timer
[   16.564105] hw unit of domain pp0-core 2^-0 Joules
[   16.679401] hw unit of domain package 2^-0 Joules
[   16.771760] hw unit of domain dram 2^-0 Joules
[   16.838991] hw unit of domain pp1-gpu 2^-0 Joules
[   16.925941] platform rtc_cmos: registered platform RTC device (no PNP device found)
[   17.097920] Scanning for low memory corruption every 60 seconds
[   17.122761] audit: initializing netlink subsys (disabled)
[   17.178751] audit: type=2000 audit(1517857137.366:1): initialized
[   17.193809] Initialise system trusted keyring
[   17.210621] HugeTLB registered 2 MB page size, pre-allocated 0 pages
[   17.229915] zbud: loaded
[   17.269313] VFS: Disk quotas dquot_6.6.0
[   17.357555] VFS: Dquot-cache hash table entries: 512 (order 0, 4096 bytes)
[   17.403518] squashfs: version 4.0 (2009/01/31) Phillip Lougher
[   17.426856] fuse init (API version 7.23)
[   17.436127] Key type big_key registered
[   17.447748] Allocating IMA MOK and blacklist keyrings.
[   17.482063] Key type asymmetric registered
[   17.535399] Asymmetric key parser 'x509' registered
[   17.539755] Block layer SCSI generic (bsg) driver version 0.4 loaded (major 249)
[   17.584106] io scheduler noop registered
[   17.633340] io scheduler deadline registered (default)
[   17.660038] io scheduler cfq registered
[   17.661527] pci_hotplug: PCI Hot Plug PCI Core version: 0.5
[   17.672306] pciehp: PCI Express Hot Plug Controller Driver version: 0.4
[   17.713507] ACPI: AC Adapter [AC] (off-line)
[   17.754977] input: Power Button as /devices/LNXSYSTM:00/LNXPWRBN:00/input/input0
[   17.844014] ACPI: Power Button [PWRF]
[   17.855866] input: Sleep Button as /devices/LNXSYSTM:00/LNXSLPBN:00/input/input1
[   17.895929] ACPI: Sleep Button [SLPF]
[   17.922697] tsc: Refined TSC clocksource calibration: 2700.988 MHz
[   17.922699] clocksource: tsc: mask: 0xffffffffffffffff max_cycles: 0x26eee392a05, max_idle_ns: 440795232296 ns
[   18.297042] ACPI: Battery Slot [BAT0] (battery present)
[   18.320715] GHES: HEST is not enabled!
[   18.347383] Serial: 8250/16550 driver, 32 ports, IRQ sharing enabled
[   18.466562] 00:02: ttyS0 at I/O 0x3f8 (irq = 4, base_baud = 115200) is a 16550A
[   18.624396] Linux agpgart interface v0.103
[   18.683956] loop: module loaded
[   18.765588] scsi host0: ata_piix
[   18.832689] scsi host1: ata_piix
[   18.868966] ata1: PATA max UDMA/33 cmd 0x1f0 ctl 0x3f6 bmdma 0xd000 irq 14
[   18.974716] ata2: PATA max UDMA/33 cmd 0x170 ctl 0x376 bmdma 0xd008 irq 15
[   19.133094] libphy: Fixed MDIO Bus: probed
[   19.217807] tun: Universal TUN/TAP device driver, 1.6
[   19.245381] tun: (C) 1999-2004 Max Krasnyansky <maxk@qualcomm.com>
[   19.323198] PPP generic driver version 2.4.2
[   19.366484] ehci_hcd: USB 2.0 'Enhanced' Host Controller (EHCI) Driver
[   19.419831] ehci-pci: EHCI PCI platform driver
[   19.436363] ehci-platform: EHCI generic platform driver
[   19.445860] ohci_hcd: USB 1.1 'Open' Host Controller (OHCI) Driver
[   19.454186] ohci-pci: OHCI PCI platform driver
[   19.461122] ohci-platform: OHCI generic platform driver
[   19.470576] uhci_hcd: USB Universal Host Controller Interface driver
[   19.480800] i8042: PNP: PS/2 Controller [PNP0303:PS2K,PNP0f03:PS2M] at 0x60,0x64 irq 1,12
[   19.495664] serio: i8042 KBD port at 0x60,0x64 irq 1
[   19.503857] serio: i8042 AUX port at 0x60,0x64 irq 12
[   19.519414] mousedev: PS/2 mouse device common for all mice
[   19.580776] rtc_cmos rtc_cmos: rtc core: registered rtc_cmos as rtc0
[   19.616266] rtc_cmos rtc_cmos: alarms up to one day, 114 bytes nvram
[   19.672903] i2c /dev entries driver
[   19.731177] input: AT Translated Set 2 keyboard as /devices/platform/i8042/serio0/input/input2
[   19.842457] device-mapper: uevent: version 1.0.3
[   19.903142] device-mapper: ioctl: 4.34.0-ioctl (2015-10-28) initialised: dm-devel@redhat.com
[   19.992221] ledtrig-cpu: registered to indicate activity on CPUs
[   20.111803] NET: Registered protocol family 10
[   20.183377] NET: Registered protocol family 17
[   20.196174] Key type dns_resolver registered
[   20.266151] microcode: CPU0 sig=0x306d4, pf=0x40, revision=0x0
[   20.351313] microcode: CPU1 sig=0x306d4, pf=0x40, revision=0x0
[   20.461374] microcode: Microcode Update Driver: v2.01 <tigran@aivazian.fsnet.co.uk>, Peter Oruba
[   20.567782] registered taskstats version 1
[   20.585725] Loading compiled-in X.509 certificates
[   20.604514] Loaded X.509 cert 'Build time autogenerated kernel key: 4c603087bab8f0a02cb3b4e1fb4c40f507e71ef1'
[   20.635739] zswap: loaded using pool lzo/zbud
[   20.654033] Key type trusted registered
[   20.736341] Key type encrypted registered
[   20.804229] AppArmor: AppArmor sha1 policy hashing enabled
[   20.858332] ima: No TPM chip found, activating TPM-bypass!
[   20.921727] evm: HMAC attrs: 0x1
[   20.959906]   Magic number: 6:701:998
[   20.992969] i8042 kbd 00:00: hash matches
[   21.026322] rtc_cmos rtc_cmos: setting system clock to 2018-02-05 18:59:09 UTC (1517857149)
[   21.162467] BIOS EDD facility v0.16 2004-Jun-25, 0 devices found
[   21.274508] EDD information not available.
[   21.328365] Freeing unused kernel memory: 1508K
[   21.358217] Write protecting the kernel read-only data: 14336k
[   21.417934] Freeing unused kernel memory: 1728K
[   21.487651] Freeing unused kernel memory: 108K
Loading, please [   21.607978] random: systemd-udevd: uninitialized urandom read (16 bytes read, 7 bits of entropy available)
wait...
startin[   21.608747] random: udevadm: uninitialized urandom read (16 bytes read, 7 bits of entropy available)
g version 229
[   21.608768] random: udevadm: uninitialized urandom read (16 bytes read, 7 bits of entropy available)
[   21.619843] random: udevadm: uninitialized urandom read (16 bytes read, 7 bits of entropy available)
[   21.619889] random: udevadm: uninitialized urandom read (16 bytes read, 7 bits of entropy available)
[   21.620044] random: udevadm: uninitialized urandom read (16 bytes read, 7 bits of entropy available)
[   21.620104] random: udevadm: uninitialized urandom read (16 bytes read, 7 bits of entropy available)
[   21.620163] random: udevadm: uninitialized urandom read (16 bytes read, 7 bits of entropy available)
[   21.620224] random: udevadm: uninitialized urandom read (16 bytes read, 7 bits of entropy available)
[   21.620280] random: udevadm: uninitialized urandom read (16 bytes read, 7 bits of entropy available)
[   22.192641] e1000: Intel(R) PRO/1000 Network Driver - version 7.3.21-k8-NAPI
[   22.224960] e1000: Copyright (c) 1999-2006 Intel Corporation.
[   22.247920] Fusion MPT base driver 3.04.20
[   22.286906] Copyright (c) 1999-2008 LSI Corporation
[   22.302997] Fusion MPT SPI Host driver 3.04.20
[   22.316581] AVX version of gcm_enc/dec engaged.
[   22.360670] AES CTR mode by8 optimization enabled
[   22.522344] input: ImExPS/2 Generic Explorer Mouse as /devices/platform/i8042/serio1/input/input4
[   22.676367] e1000 0000:00:03.0 eth0: (PCI:33MHz:32-bit) 02:1f:2a:60:99:e3
[   22.807311] e1000 0000:00:03.0 eth0: Intel(R) PRO/1000 Network Connection
[   22.944523] mptbase: ioc0: Initiating bringup
[   23.090837] ioc0: LSI53C1030 A0: Capabilities={Initiator}
[   23.364564] scsi host2: ioc0: LSI53C1030 A0, FwRev=00000000h, Ports=1, MaxQ=256, IRQ=20
[   23.515008] scsi 2:0:0:0: Direct-Access     VBOX     HARDDISK         1.0  PQ: 0 ANSI: 5
[   23.646741] scsi target2:0:0: Beginning Domain Validation
[   23.681489] scsi target2:0:0: Domain Validation skipping write tests
[   23.702944] scsi target2:0:0: Ending Domain Validation
[   23.736434] scsi target2:0:0: asynchronous
[   23.762713] scsi 2:0:1:0: Direct-Access     VBOX     HARDDISK         1.0  PQ: 0 ANSI: 5
[   23.799621] scsi target2:0:1: Beginning Domain Validation
[   23.807434] scsi target2:0:1: Domain Validation skipping write tests
[   23.820504] scsi target2:0:1: Ending Domain Validation
[   23.840778] scsi target2:0:1: asynchronous
[   23.867123] sd 2:0:0:0: Attached scsi generic sg0 type 0
[   23.870848] sd 2:0:0:0: [sda] 20971520 512-byte logical blocks: (10.7 GB/10.0 GiB)
[   23.871054] sd 2:0:0:0: [sda] Write Protect is off
[   23.871169] sd 2:0:0:0: [sda] Incomplete mode parameter data
[   23.871170] sd 2:0:0:0: [sda] Assuming drive cache: write through
[   23.938689]  sda: sda1
[   23.939357] sd 2:0:0:0: [sda] Attached SCSI disk
[   23.978558] sd 2:0:1:0: Attached scsi generic sg1 type 0
[   23.981681] sd 2:0:1:0: [sdb] 20480 512-byte logical blocks: (10.5 MB/10.0 MiB)
[   23.981896] sd 2:0:1:0: [sdb] Write Protect is off
[   23.982034] sd 2:0:1:0: [sdb] Incomplete mode parameter data
[   23.982034] sd 2:0:1:0: [sdb] Assuming drive cache: write through
[   24.030896] sd 2:0:1:0: [sdb] Attached SCSI disk
[   24.113779] e1000 0000:00:08.0 eth1: (PCI:33MHz:32-bit) 08:00:27:0c:0a:d4
[   24.132936] e1000 0000:00:08.0 eth1: Intel(R) PRO/1000 Network Connection
[   24.188137] e1000 0000:00:03.0 enp0s3: renamed from eth0
[   24.235106] e1000 0000:00:08.0 enp0s8: renamed from eth1
[   25.202722] floppy0: no floppy controllers found
Begin: Loading essential drivers[   26.774107] md: linear personality registered for level -1
 ... [   26.874057] md: multipath personality registered for level -4
[   26.942896] md: raid0 personality registered for level 0
[   27.017278] md: raid1 personality registered for level 1
[   27.110257] raid6: sse2x1   gen()  8711 MB/s
[   27.238345] raid6: sse2x1   xor()  6542 MB/s
[   27.362790] raid6: sse2x2   gen() 11655 MB/s
[   27.474417] raid6: sse2x2   xor()  5903 MB/s
[   27.638377] raid6: sse2x4   gen()  7199 MB/s
[   27.750343] raid6: sse2x4   xor()  5479 MB/s
[   27.771107] raid6: using algorithm sse2x2 gen() 11655 MB/s
[   27.789648] raid6: .... xor() 5903 MB/s, rmw enabled
[   27.797008] raid6: using ssse3x2 recovery algorithm
[   27.831673] xor: automatically using best checksumming function:
[   27.978758]    avx       : 17111.000 MB/sec
[   28.035316] async_tx: api initialized (async)
[   28.085338] md: raid6 personality registered for level 6
[   28.149011] md: raid5 personality registered for level 5
[   28.188417] md: raid4 personality registered for level 4
[   28.274567] md: raid10 personality registered for level 10
done.
Begin: Running /scripts/init-p[   28.381019] Btrfs loaded
remount ... done.
Begin: Mounting root file system ... Begin: Running /scripts/[   28.450634] EXT4-fs (sda1): mounted filesystem with ordered data mode. Opts: (null)
local-top ... done.
Begin: Running /scripts/local-premount ... Scanning for Btrfs filesystems
done.
Warning: fsck not present, so skipping root file system
done.
Begin: Running /scripts/local-bottom ... done.
Begin: Running /scripts/init-bottom ... done.
[   28.707029] systemd[1]: systemd 229 running in system mode. (+PAM +AUDIT +SELINUX +IMA +APPARMOR +SMACK +SYSVINIT +UTMP +LIBCRYPTSETUP +GCRYPT +GNUTLS +ACL +XZ -LZ4 +SECCOMP +BLKID +ELFUTILS +KMOD -IDN)
[   28.865795] systemd[1]: Detected virtualization oracle.
[   28.873481] systemd[1]: Detected architecture x86-64.

Welcome to [1mUbuntu 16.04.3 LTS[0m!

[   28.919704] systemd[1]: Set hostname to <ubuntu>.
[   28.974053] systemd[1]: Initializing machine ID from random generator.
[   29.003915] systemd[1]: Installed transient /etc/machine-id file.
[   29.182260] systemd[1]: Reached target User and Group Name Lookups.
[[0;32m  OK  [0m] Reached target User and Group Name Lookups.
[   29.273782] systemd[1]: Listening on Syslog Socket.
[[0;32m  OK  [0m] Listening on Syslog Socket.
[   29.419674] systemd[1]: Listening on Journal Audit Socket.
[[0;32m  OK  [0m] Listening on Journal Audit Socket.
[   29.475180] systemd[1]: Reached target Encrypted Volumes.
[[0;32m  OK  [0m] Reached target Encrypted Volumes.
[   29.635432] systemd[1]: Started Trigger resolvconf update for networkd DNS.
[[0;32m  OK  [0m] Started Trigger resolvconf update for networkd DNS.
[   29.762782] systemd[1]: Listening on LVM2 metadata daemon socket.
[[0;32m  OK  [0m] Listening on LVM2 metadata daemon socket.
[   29.910725] systemd[1]: Listening on Device-mapper event daemon FIFOs.
[[0;32m  OK  [0m] Listening on Device-mapper event daemon FIFOs.
[   29.958919] systemd[1]: Listening on /dev/initctl Compatibility Named Pipe.
[[0;32m  OK  [0m] Listening on /dev/initctl Compatibility Named Pipe.
[   30.051126] systemd[1]: Set up automount Arbitrary Executable File Formats File System Automount Point.
[[0;32m  OK  [0m] Set up automount Arbitrary Executab...ats File System Automount Point.
[   30.123478] systemd[1]: Listening on Journal Socket (/dev/log).
[[0;32m  OK  [0m] Listening on Journal Socket (/dev/log).
[   30.230824] systemd[1]: Listening on udev Control Socket.
[[0;32m  OK  [[   30.273744] random: nonblocking pool is initialized
0m] Listening on udev Control Socket.
[   30.398061] systemd[1]: Created slice User and Session Slice.
[[0;32m  OK  [0m] Created slice User and Session Slice.
[   30.574801] systemd[1]: Listening on LVM2 poll daemon socket.
[[0;32m  OK  [0m] Listening on LVM2 poll daemon socket.
[   30.779162] systemd[1]: Created slice System Slice.
[[0;32m  OK  [0m] Created slice System Slice.
[   30.937888] systemd[1]: Created slice system-serial\x2dgetty.slice.
[[0;32m  OK  [0m] Created slice system-serial\x2dgetty.slice.
[   31.029598] systemd[1]: Reached target Swap.
[[0;32m  OK  [0m] Reached target Swap.
[   31.066801] systemd[1]: Started Forward Password Requests to Wall Directory Watch.
[[0;32m  OK  [0m] Started Forward Password Requests to Wall Directory Watch.
[   31.131411] systemd[1]: Listening on udev Kernel Socket.
[[0;32m  OK  [0m] Listening on udev Kernel Socket.
[   31.223105] systemd[1]: Reached target Slices.
[[0;32m  OK  [0m] Reached target Slices.
[   31.326788] systemd[1]: Listening on Journal Socket.
[[0;32m  OK  [0m] Listening on Journal Socket.
[   31.403078] systemd[1]: Starting Remount Root and Kernel File Systems...
[   31.407974] EXT4-fs (sda1): re-mounted. Opts: (null)
         Starting Remount Root and Kernel File Systems...
[   31.582612] systemd[1]: Starting Set console keymap...
         Starting Set console keymap...
[   31.655364] systemd[1]: Starting Monitoring of LVM2 mirrors, snapshots etc. using dmeventd or progress polling...
         Starting Monitoring of LVM2 mirrors... dmeventd or progress polling...
[   31.875081] systemd[1]: Starting Create list of required static device nodes for the current kernel...
         Starting Create list of required st... nodes for the current kernel...
[   32.074981] systemd[1]: Starting Nameserver information manager...
         Starting Nameserver information manager...
[   32.186725] systemd[1]: Starting Load Kernel Modules...
[   32.246524] Loading iSCSI transport class v2.0-870.
         Starting Load Kernel Modules...
[   32.281960] iscsi: registered transport (tcp)
[   32.331401] systemd[1]: Mounting Debug File System...
         Mounting Debug File System...
[   32.378678] iscsi: registered transport (iser)
[   32.418899] systemd[1]: Starting Journal Service...
         Starting Journal Service...
[   32.467475] systemd[1]: Mounting Huge Pages File System...
         Mounting Huge Pages File System...
[   32.526479] systemd[1]: Mounting POSIX Message Queue File System...
         Mounting POSIX Message Queue File System...
[   32.639046] systemd[1]: Starting Uncomplicated firewall...
         Starting Uncomplicated firewall...
[   32.744079] systemd[1]: Mounted Huge Pages File System.
[[0;32m  OK  [0m] Mounted Huge Pages File System.
[   32.867505] systemd[1]: Mounted Debug File System.
[[0;32m  OK  [0m] Mounted Debug File System.
[   33.002739] systemd[1]: Mounted POSIX Message Queue File System.
[[0;32m  OK  [0m] Mounted POSIX Message Queue File System.
[   33.195371] systemd[1]: Started Journal Service.
[[0;32m  OK  [0m] Started Journal Service.
[[0;32m  OK  [0m] Started Remount Root and Kernel File Systems.
[[0;32m  OK  [0m] Started Set console keymap.
[[0;32m  OK  [0m] Started Create list of required sta...ce nodes for the current kernel.
[[0;32m  OK  [0m] Started Load Kernel Modules.
[[0;32m  OK  [0m] Started Uncomplicated firewall.
[[0;32m  OK  [0m] Started Nameserver information manager.
[[0;32m  OK  [0m] Started LVM2 metadata daemon.
         Mounting FUSE Control File System...
         Starting Apply Kernel Variables...
         Starting Create Static Device Nodes in /dev...
         Starting Initial cloud-init job (pre-networking)...
         Starting udev Coldplug all Devices...
         Starting Load/Save Random Seed...
         Starting Flush Journal to Persistent Storage...
[[0;32m  OK  [0m] Mounted FUSE Control File System.
[[0;32m  OK  [0m] Started Apply Kernel Variables.
[[0;32m  OK  [0m] Started Monitoring of LVM2 mirrors,...ng dmeventd or progress polling.
[[0;32m  OK  [0m] Started Create Static Device Nodes in /dev.
[[0;32m  OK  [0m] Started Load/Save Random Seed.
[[0;32m  OK  [0m] Started udev Coldplug all Devices.
[[0;32m  OK  [0m] Started Flush Journal to Persistent Storage.
         Starting udev Kernel Device Manager...
[[0;32m  OK  [0m] Started udev Kernel Device Manager.
[[0;32m  OK  [0m] Started Dispatch Password Requests to Console Directory Watch.
[[0;32m  OK  [0m] Reached target Local File Systems (Pre).
[[0;32m  OK  [0m] Reached target Local File Systems.
         Starting Tell Plymouth To Write Out Runtime Data...
         Starting Create Volatile Files and Directories...
         Starting Commit a transient machine-id on disk...
         Starting LSB: AppArmor initialization...
         Starting Set console font and keymap...
[[0;32m  OK  [0m] Started Tell Plymouth To Write Out Runtime Data.
[[0;32m  OK  [0m] Started Create Volatile Files and Directories.
[[0;32m  OK  [0m] Started Commit a transient machine-id on disk.
[[0;32m  OK  [0m] Found device /dev/ttyS0.
[   22.439002] cloud-init[446]: Cloud-init v. 17.1 running 'init-local' at Mon, 05 Feb 2018 18:59:23 +0000. Up 21.70 seconds.
[[0;32m  OK  [0m] Started Initial cloud-init job (pre-networking).
[[0;32m  OK  [0m] Listening on Load/Save RF Kill Switch Status /dev/rfkill Watch.
[[0;32m  OK  [0m] Reached target Network (Pre).
[[0;32m  OK  [0m] Reached target System Time Synchronized.
         Starting Update UTMP about System Boot/Shutdown...
[[0;32m  OK  [0m] Started LSB: AppArmor initialization.
[[0;32m  OK  [0m] Started Set console font and keymap.
[[0;32m  OK  [0m] Started Update UTMP about System Boot/Shutdown.
[[0;32m  OK  [0m] Created slice system-getty.slice.
         Starting Raise network interfaces...
[[0;32m  OK  [0m] Started Raise network interfaces.
[[0;32m  OK  [0m] Reached target Network.
         Starting Initial cloud-init job (metadata service crawler)...
[   26.486200] cloud-init[948]: Cloud-init v. 17.1 running 'init' at Mon, 05 Feb 2018 18:59:27 +0000. Up 25.81 seconds.
[   26.566081] cloud-init[948]: ci-info: ++++++++++++++++++++++++++++++++++++++Net device info++++++++++++++++++++++++++++++++++++++
[[0;32m  OK  [0m] Started Initial cloud-init job (metadata service crawler).
[   26.667208] cloud-init[948]: ci-info: +--------+-------+----------------------------+---------------+-------+-------------------+
[   26.789770] cloud-init[948]: ci-info: | Device |   Up  |          Address           |      Mask     | Scope |     Hw-Address    |
[   26.856557] cloud-init[948]: ci-info: +--------+-------+----------------------------+---------------+-------+-------------------+
[[0;32m  OK  [0m] Reached target System Initialization.
[[0;32m  OK  [0m] Started Daily Cleanup of Temporary Directories.
[[0;32m  OK  [0m] Listening on ACPID Listen Socket.
[   26.924324] cloud-init[948]: ci-info: | enp0s3 |  True |         10.0.2.15          | 255.255.255.0 |   .   | 02:1f:2a:60:99:e3 |
[   27.192717] cloud-init[948]: ci-info: | enp0s3 |  True | fe80::1f:2aff:fe60:99e3/64 |       .       |  link | 02:1f:2a:60:99:e3 |
[   27.325104] cloud-init[948]: ci-info: | enp0s8 | False |             .              |       .       |   .   | 08:00:27:0c:0a:d4 |
[[0;32m  OK  [0m] Listening on UUID daemon activation socket.
[   27.501215] cloud-init[948]: ci-info: |   lo   |  True |         127.0.0.1          |   255.0.0.0   |   .   |         .         |
[   27.999844] cloud-init[948]: ci-info: |   lo   |  True |          ::1/128           |       .       |  host |         .         |
[   28.236196] cloud-init[948]: ci-info: +--------+-------+----------------------------+---------------+-------+-------------------+
[   28.517471] cloud-init[948]: ci-info: +++++++++++++++++++++++++++Route IPv4 info++++++++++++++++++++++++++++
         Starting LXD - unix socket.
[   28.713285] cloud-init[948]: ci-info: +-------+-------------+----------+---------------+-----------+-------+
[   29.023607] cloud-init[948]: ci-info: | Route | Destination | Gateway  |    Genmask    | Interface | Flags |
[[0;32m  OK  [0m] Started ACPI Events Check.
[   29.025910] cloud-init[948]: ci-info: +-------+-------------+----------+---------------+-----------+-------+
[   29.641021] cloud-init[948]: ci-info: |   0   |   0.0.0.0   | 10.0.2.2 |    0.0.0.0    |   enp0s3  |   UG  |
[   29.853836] cloud-init[948]: ci-info: |   1   |   10.0.2.0  | 0.0.0.0  | 255.255.255.0 |   enp0s3  |   U   |
[   29.854426] cloud-init[948]: ci-info: +-------+-------------+----------+---------------+-----------+-------+
[[0;32m  OK  [0m] Reached target Paths.
[[   29.854811] cloud-init[948]: Generating public/private rsa key pair.
[0;32m  OK  [0m] Started Timer to automatically refresh installed snaps.
[   30.199790] cloud-init[948]: Your identification has been saved in /etc/ssh/ssh_host_rsa_key.
[   30.321139] cloud-init[948]: Your public key has been saved in /etc/ssh/ssh_host_rsa_key.pub.
[[0;32m  OK  [0m] Listening on D-Bus System Message Bus Socket.
[   30.321446] cloud-init[948]: The key fingerprint is:
[   30.545034] cloud-init[948]: SHA256:NyUveVbh54UBQW9NFuqfuu6pahSSdihUjKsXBQuQRWo root@ubuntu-xenial
[   30.546019] cloud-init[948]: The key's randomart image is:
         Starting Socket activation for snappy daemon.
[   30.546545] cloud-init[948]: +---[RSA 2048]----+
[   30.685424] cloud-init[948]: | .=+ .=.   .+oo.+|
[[0;32m  OK  [0m] Reached target Network is Online.
[   30.685594] cloud-init[948]: | .. .o.o     o.B |
[   30.832542] cloud-init[948]: | E  ..o o . ..* +|
         Starting iSCSI initiator daemon (iscsid)...
[[0;32m  OK  [0m] Started Daily apt download activities.
[   30.899916] cloud-init[948]: |.    + = o =.o o.|
[   31.010513] cloud-init[948]: |    . + S * +.  .|
[[0;32m  OK  [0m] Started Daily apt upgrade and clean activities.
[[0;32m  OK  [0m] Reached target Timers.
[   31.073324] cloud-init[948]: |   . .   o =  . .|
[   31.172773] cloud-init[948]: |    .   .      o |
[[0;32m  OK  [0m] Reached target Cloud-config availability.
[   31.226290] cloud-init[948]: |         .    o  |
[   31.324587] cloud-init[948]: |        ....+*.  |
[[0;32m  OK  [0m] Listening on LXD - unix socket.
[   31.360443] cloud-init[948]: +----[SHA256]-----+
[   31.393516] cloud-init[948]: Generating public/private dsa key pair.
[[0;32m  OK  [0m] Listening on Socket activation for snappy daemon.
[   31.393953] cloud-init[948]: Your identification has been saved in /etc/ssh/ssh_host_dsa_key.
[   31.548538] cloud-init[948]: Your public key has been saved in /etc/ssh/ssh_host_dsa_key.pub.
[   31.549100] cloud-init[948]: The key fingerprint is:
[[0;32m  OK  [0m] Started iSCSI initiator daemon (iscsid).
[   31.549479] cloud-init[948]: SHA256:md2gFlGVfE/yRYt57OiexnwcAjthz3mO2yFq3YyS2zM root@ubuntu-xenial
[   31.678054] cloud-init[948]: The key's randomart image is:
[   31.679280] cloud-init[948]: +---[DSA 1024]----+
         Starting Login to default iSCSI targets...
[   31.679550] cloud-init[948]: |        ...o.. ..|
[   31.833443] cloud-init[948]: |         .  o * +|
[[0;32m  OK  [0m] Reached target Sockets.
[[   31.833707] cloud-init[948]: |        . .  + O.|
[0;32m  OK  [0m] Reached target Basic System.
[   31.931331] cloud-init[948]: |         * *  + o|
[   32.020937] cloud-init[948]: |        S o B... |
[   32.021636] cloud-init[948]: |       .   o.= o |
[[0;32m  OK  [0m] Started Regular background program processing daemon.
[   32.022180] cloud-init[948]: |            *oX..|
[   32.176563] cloud-init[948]: |           ++E+*.|
[   32.177191] cloud-init[948]: |          .o+==. |
         Starting Login Service...
[   32.177595] cloud-init[948]: +----[SHA256]-----+
[   32.321384] cloud-init[948]: Generating public/private ecdsa key pair.
[   32.323046] cloud-init[948]: Your identification has been saved in /etc/ssh/ssh_host_ecdsa_key.
         Starting Apply the settings specified in cloud-config...
[   32.323614] cloud-init[948]: Your public key has been saved in /etc/ssh/ssh_host_ecdsa_key.pub.
[   32.488824] cloud-init[948]: The key fingerprint is:
[   32.489002] cloud-init[948]: SHA256:J49UvaQGnGUCT3/qd043EWmN0C2X24O3N36ya8PP2dE root@ubuntu-xenial
[   32.489117] cloud-init[948]: The key's randomart image is:
[   32.490894] cloud-init[948]: +---[ECDSA 256]---+
[   32.491140] cloud-init[948]: |      ..o o .. ..|
[   32.491319] cloud-init[948]: |       + * . .oo=|
[   32.491628] cloud-init[948]: |        = o + o*+|
[   32.491925] cloud-init[948]: |         o = o.+o|
[   32.492042] cloud-init[948]: |        S = . ..o|
[   32.492144] cloud-init[948]: |       . B     o+|
[[0;32m  OK  [0m] Started ACPI event daemon.
[   32.492363] cloud-init[948]: |        . o ..+oE|
[   32.748273] cloud-init[948]: |           . +=+*|
         Starting Pollinate to seed the pseudo random number generator...
[   32.793898] cloud-init[948]: |             .+B=|
         Starting Accounts Service...
[   32.953717] cloud-init[948]: +----[SHA256]-----+
[   33.086377] [cloud-init[0;32m  OK  [0m[948]: ] Generating public/private ed25519 key pair.Started Deferred execution scheduler.

[   33.088985] cloud-init[948]: Your identification has been saved in /etc/ssh/ssh_host_ed25519_key.
         Starting LSB: MD monitoring daemon...
[[0;32m  OK  [0m] Started Unattended Upgrades Shutdown.
[   33.264714] cloud-init[948]: Your public key has been saved in /etc/ssh/ssh_host_ed25519_key.pub.
[[0;32m  OK  [0m] Started D-Bus System Message Bus.
[   33.396307] cloud-init[948]: The key fingerprint is:
[   33.488892] cloud-init[948]: SHA256:ziGJM8TRwv47ExaqSA8u2nm9mTlEikdbmQntAwWVIg4 root@ubuntu-xenial
[[0;32m  OK  [0m] Started FUSE filesystem for LXC.
[   33.576136] cloud-init[948]: The key's randomart image is:
[   33.672031] cloud-init[948]: +--[ED25519 256]--+
         Starting Snappy daemon...
[   33.740869] cloud-init[948]: |   .o*o.         |
[   33.876545] cloud-init[948]: |E ..*.+          |
[   33.971743] cloud-init[948]: | o oo* +         |
         Starting /etc/rc.local Compatibility...
[   34.268679] cloud-init[948]: |  ..o.X.         |
         Starting System Logging Service...
[   34.475490] cloud-init[948]: |   o+BooS        |
         Starting LSB: Record successful boot for GRUB...
[   34.514010] cloud-init[948]: | o. =o=+ .       |
[   34.600744]          Starting LXD - container startup/shutdown...
cloud-init[948]: |o.oo + oo        |
[   34.747694] cloud-init[948]: |oo.o. *+         |
[[0;32m  OK  [0m] Started Snappy daemon.
[[0;32m  OK  [0m] Started System Logging Service.
[   34.773007] cloud-init[948]: |+ o.  ==         |
[[0;32m  OK  [0m] Started Pollinate to seed the pseudo random number generator.
[   34.792716] cloud-init[948]: +----[SHA256]-----+
[[0;32m  OK  [0m] Started /etc/rc.local Compatibility.
[[0;32m  OK  [0m] Started LXD - container startup/shutdown.
[   35.016501] cloud-init[1053]: Generating locales (this might take a while)...
[[0;32m  OK  [0m] Started Login to default iSCSI targets.
[[0;32m  OK  [0m] Started LSB: MD monitoring daemon.
[[0;32m  OK  [0m] Started LSB: Record successful boot for GRUB.
[[0;32m  OK  [0m] Started Login Service.
         Starting Authenticate and Authorize Users to Run Privileged Tasks...
[[0;32m  OK  [0m] Reached target Remote File Systems (Pre).
[[0;32m  OK  [0m] Reached target Remote File Systems.
         Starting LSB: daemon to balance interrupts for SMP systems...
         Starting LSB: VirtualBox Linux Additions...
         Starting Permit User Sessions...
         Starting LSB: automatic crash report generation...
         Starting LSB: Set the CPU Frequency Scaling governor to "ondemand"...
         Starting OpenBSD Secure Shell server...
[[0;32m  OK  [0m] Started OpenBSD Secure Shell server.
[[0;32m  OK  [0m] Started Permit User Sessions.
[[0;32m  OK  [0m] Started Authenticate and Authorize Users to Run Privileged Tasks.
[[0;32m  OK  [0m] Started Accounts Service.
[[0;32m  OK  [0m] Created slice User Slice of vagrant.
         Starting User Manager for UID 1000...
[[0;32m  OK  [0m] Started Session 1 of user vagrant.
         Starting Terminate Plymouth Boot Screen...
         Starting Hold until boot process finishes up...
[[0;32m  OK  [0m] Started User Manager for UID 1000.
[[0;32m  OK  [0m] Started LSB: daemon to balance interrupts for SMP systems.
[[0;32m  OK  [0m] Started LSB: VirtualBox Linux Additions.
[[0;32m  OK  [0m] Started LSB: automatic crash report generation.
[[0;32m  OK  [0m] Started Terminate Plymouth Boot Screen.
[[0;32m  OK  [0m] Started Hold until boot process finishes up.
[[0;32m  OK  [0m] Started LSB: Set the CPU Frequency Scaling governor to "ondemand".
[[0;32m  OK  [0m] Started Serial Getty on ttyS0.
         Starting Set console scheme...
[[0;32m  OK  [0m] Started Getty on tty1.
[[0;32m  OK  [0m] Reached target Login Prompts.
[[0;32m  OK  [0m] Reached target Multi-User System.
[[0;32m  OK  [0m] Reached target Graphical Interface.
         Starting Update UTMP about System Runlevel Changes...
[[0;32m  OK  [0m] Started Set console scheme.
[   37.028130] cloud-init[1053]:   en_US.UTF-8... done
[   37.043602] [[0;32m  OK  [0m] Started Update UTMP about System Runlevel Changes.
cloud-init[1053]: Generation complete.
[   38.301680] cloud-init[1053]: Cloud-init v. 17.1 running 'modules:config' at Mon, 05 Feb 2018 18:59:34 +0000. Up 33.49 seconds.
[[0;32m  OK  [0m] Started Apply the settings specified in cloud-config.
         Starting Execute cloud user/final scripts...
ci-info: no authorized ssh keys fingerprints found for user ubuntu.
<14>Feb  5 18:59:40 ec2: 
<14>Feb  5 18:59:40 ec2: #############################################################
<14>Feb  5 18:59:40 ec2: -----BEGIN SSH HOST KEY FINGERPRINTS-----
<14>Feb  5 18:59:40 ec2: 1024 SHA256:md2gFlGVfE/yRYt57OiexnwcAjthz3mO2yFq3YyS2zM root@ubuntu-xenial (DSA)
<14>Feb  5 18:59:40 ec2: 256 SHA256:J49UvaQGnGUCT3/qd043EWmN0C2X24O3N36ya8PP2dE root@ubuntu-xenial (ECDSA)
<14>Feb  5 18:59:40 ec2: 256 SHA256:ziGJM8TRwv47ExaqSA8u2nm9mTlEikdbmQntAwWVIg4 root@ubuntu-xenial (ED25519)
<14>Feb  5 18:59:40 ec2: 2048 SHA256:NyUveVbh54UBQW9NFuqfuu6pahSSdihUjKsXBQuQRWo root@ubuntu-xenial (RSA)
<14>Feb  5 18:59:40 ec2: -----END SSH HOST KEY FINGERPRINTS-----
<14>Feb  5 18:59:40 ec2: #############################################################
-----BEGIN SSH HOST KEY KEYS-----
ecdsa-sha2-nistp256 AAAAE2VjZHNhLXNoYTItbmlzdHAyNTYAAAAIbmlzdHAyNTYAAABBBEPahl0dZDAqaHJeViaOk2jfqOZ2MVPIBMhHKg7CIWwvlP8wK0M78qXdAwDN8459OxiX0/AnEgJUJoDG3u6NSeQ= root@ubuntu-xenial
ssh-ed25519 AAAAC3NzaC1lZDI1NTE5AAAAINkd3Mccw7MiH4qe6pVdpt6oSauVWGPfgwkXwboHbno0 root@ubuntu-xenial
ssh-rsa AAAAB3NzaC1yc2EAAAADAQABAAABAQDTJnxm2O33pZvu7eK+cC9m4CA/epSEcuYHaM7aeJ0EED25oeHV7oVN87IYJvkE735mpDey9bjXXpqIukBKjD7Q7a3dWE1jcM/lLogaTHpnFVfhG5rJJVFsxsSpqLkLzK604CHsTfNHMylKPSCt6dVcs7IzbS/KHxODpBXTN8PlgUTe8JZbNdJ52/fmozB2rsYlyCGH9NdFGPMxDkWSw2/0OeqtUY6tL72G5ymSjdeWEBoccwo2CLT+VJ6K8z5CVCkazuJGbCMugL7xYbG1OMH+BJYeyz2L5Q4C0X59fi+X+3P/J7sT0Rh4I1h09GuflgzXboT8JhHVPMeCQ2c4QOYl root@ubuntu-xenial
-----END SSH HOST KEY KEYS-----
         Stopping User Manager for UID 1000...
[   39.906181] [cloud-init[0;32m  OK  [0m[1384]: ] Cloud-init v. 17.1 running 'modules:final' at Mon, 05 Feb 2018 18:59:40 +0000. Up 38.82 seconds.Stopped User Manager for UID 1000.

[   39.944303] cloud-init[1384]: ci-info: no authorized ssh keys fingerprints found for user ubuntu.
[   39.992642] [cloud-init[0;32m  OK  [0m[1384]: ] Cloud-init v. 17.1 finished at Mon, 05 Feb 2018 18:59:41 +0000. Datasource DataSourceNoCloud [seed=/dev/sdb][dsmode=net].  Up 39.89 secondsRemoved slice User Slice of vagrant.

[[0;32m  OK  [0m] Started Execute cloud user/final scripts.
[[0;32m  OK  [0m] Created slice User Slice of vagrant.
[[0;32m  OK  [0m] Reached target Cloud-init target.

Ubuntu 16.04.3 LTS appserver ttyS0

appserver login: [  186.558751] e1000 0000:00:03.0 enp0s3: Detected Tx Unit Hang
[  186.558751]   Tx Queue             <0>
[  186.558751]   TDH                  <cc>
[  186.558751]   TDT                  <ce>
[  186.558751]   next_to_use          <ce>
[  186.558751]   next_to_clean        <cc>
[  186.558751] buffer_info[next_to_clean]
[  186.558751]   time_stamp           <ffff8156>
[  186.558751]   next_to_watch        <cd>
[  186.558751]   jiffies              <ffff84a0>
[  186.558751]   next_to_watch.status <0>
[  188.701560] e1000 0000:00:03.0 enp0s3: Reset adapter
