[    0.000000] Initializing cgroup subsys cpuset
[    0.000000] Initializing cgroup subsys cpu
[    0.000000] Initializing cgroup subsys cpuacct
[    0.000000] Linux version 4.4.0-112-generic (buildd@lgw01-amd64-010) (gcc version 5.4.0 20160609 (Ubuntu 5.4.0-6ubuntu1~16.04.5) ) #135-Ubuntu SMP Fri Jan 19 11:48:36 UTC 2018 (Ubuntu 4.4.0-112.135-generic 4.4.98)
[    0.000000] Command line: BOOT_IMAGE=/boot/vmlinuz-4.4.0-112-generic root=LABEL=cloudimg-rootfs ro console=tty1 console=ttyS0
[    0.000000] KERNEL supported cpus:
[    0.000000]   Intel GenuineIntel
[    0.000000]   AMD AuthenticAMD
[    0.000000]   Centaur CentaurHauls
[    0.000000] x86/fpu: xstate_offset[2]:  576, xstate_sizes[2]:  256
[    0.000000] x86/fpu: Supporting XSAVE feature 0x01: 'x87 floating point registers'
[    0.000000] x86/fpu: Supporting XSAVE feature 0x02: 'SSE registers'
[    0.000000] x86/fpu: Supporting XSAVE feature 0x04: 'AVX registers'
[    0.000000] x86/fpu: Enabled xstate features 0x7, context size is 832 bytes, using 'standard' format.
[    0.000000] x86/fpu: Using 'lazy' FPU context switches.
[    0.000000] e820: BIOS-provided physical RAM map:
[    0.000000] BIOS-e820: [mem 0x0000000000000000-0x000000000009fbff] usable
[    0.000000] BIOS-e820: [mem 0x000000000009fc00-0x000000000009ffff] reserved
[    0.000000] BIOS-e820: [mem 0x00000000000f0000-0x00000000000fffff] reserved
[    0.000000] BIOS-e820: [mem 0x0000000000100000-0x000000001ffeffff] usable
[    0.000000] BIOS-e820: [mem 0x000000001fff0000-0x000000001fffffff] ACPI data
[    0.000000] BIOS-e820: [mem 0x00000000fec00000-0x00000000fec00fff] reserved
[    0.000000] BIOS-e820: [mem 0x00000000fee00000-0x00000000fee00fff] reserved
[    0.000000] BIOS-e820: [mem 0x00000000fffc0000-0x00000000ffffffff] reserved
[    0.000000] NX (Execute Disable) protection: active
[    0.000000] SMBIOS 2.5 present.
[    0.000000] Hypervisor detected: KVM
[    0.000000] e820: last_pfn = 0x1fff0 max_arch_pfn = 0x400000000
[    0.000000] MTRR: Disabled
[    0.000000] x86/PAT: MTRRs disabled, skipping PAT initialization too.
[    0.000000] CPU MTRRs all blank - virtualized system.
[    0.000000] x86/PAT: Configuration [0-7]: WB  WT  UC- UC  WB  WT  UC- UC  
[    0.000000] found SMP MP-table at [mem 0x0009fff0-0x0009ffff] mapped at [ffff88000009fff0]
[    0.000000] Scanning 1 areas for low memory corruption
[    0.000000] RAMDISK: [mem 0x1ecf4000-0x1f77dfff]
[    0.000000] ACPI: Early table checksum verification disabled
[    0.000000] ACPI: RSDP 0x00000000000E0000 000024 (v02 VBOX  )
[    0.000000] ACPI: XSDT 0x000000001FFF0030 00003C (v01 VBOX   VBOXXSDT 00000001 ASL  00000061)
[    0.000000] ACPI: FACP 0x000000001FFF00F0 0000F4 (v04 VBOX   VBOXFACP 00000001 ASL  00000061)
[    0.000000] ACPI: DSDT 0x000000001FFF0470 0021C8 (v02 VBOX   VBOXBIOS 00000002 INTL 20100528)
[    0.000000] ACPI: FACS 0x000000001FFF0200 000040
[    0.000000] ACPI: FACS 0x000000001FFF0200 000040
[    0.000000] ACPI: APIC 0x000000001FFF0240 00005C (v02 VBOX   VBOXAPIC 00000001 ASL  00000061)
[    0.000000] ACPI: SSDT 0x000000001FFF02A0 0001CC (v01 VBOX   VBOXCPUT 00000002 INTL 20100528)
[    0.000000] No NUMA configuration found
[    0.000000] Faking a node at [mem 0x0000000000000000-0x000000001ffeffff]
[    0.000000] NODE_DATA(0) allocated [mem 0x1ffeb000-0x1ffeffff]
[    0.000000] kvm-clock: Using msrs 4b564d01 and 4b564d00
[    0.000000] kvm-clock: cpu 0, msr 0:1ffe3001, primary cpu clock
[    0.000000] kvm-clock: using sched offset of 3494931774 cycles
[    0.000000] clocksource: kvm-clock: mask: 0xffffffffffffffff max_cycles: 0x1cd42e4dffb, max_idle_ns: 881590591483 ns
[    0.000000] Zone ranges:
[    0.000000]   DMA      [mem 0x0000000000001000-0x0000000000ffffff]
[    0.000000]   DMA32    [mem 0x0000000001000000-0x000000001ffeffff]
[    0.000000]   Normal   empty
[    0.000000]   Device   empty
[    0.000000] Movable zone start for each node
[    0.000000] Early memory node ranges
[    0.000000]   node   0: [mem 0x0000000000001000-0x000000000009efff]
[    0.000000]   node   0: [mem 0x0000000000100000-0x000000001ffeffff]
[    0.000000] Initmem setup node 0 [mem 0x0000000000001000-0x000000001ffeffff]
[    0.000000] ACPI: PM-Timer IO Port: 0x4008
[    0.000000] IOAPIC[0]: apic_id 2, version 32, address 0xfec00000, GSI 0-23
[    0.000000] ACPI: INT_SRC_OVR (bus 0 bus_irq 0 global_irq 2 dfl dfl)
[    0.000000] ACPI: INT_SRC_OVR (bus 0 bus_irq 9 global_irq 9 high level)
[    0.000000] Using ACPI (MADT) for SMP configuration information
[    0.000000] smpboot: Allowing 2 CPUs, 0 hotplug CPUs
[    0.000000] PM: Registered nosave memory: [mem 0x00000000-0x00000fff]
[    0.000000] PM: Registered nosave memory: [mem 0x0009f000-0x0009ffff]
[    0.000000] PM: Registered nosave memory: [mem 0x000a0000-0x000effff]
[    0.000000] PM: Registered nosave memory: [mem 0x000f0000-0x000fffff]
[    0.000000] e820: [mem 0x20000000-0xfebfffff] available for PCI devices
[    0.000000] Booting paravirtualized kernel on KVM
[    0.000000] clocksource: refined-jiffies: mask: 0xffffffff max_cycles: 0xffffffff, max_idle_ns: 7645519600211568 ns
[    0.000000] setup_percpu: NR_CPUS:512 nr_cpumask_bits:512 nr_cpu_ids:2 nr_node_ids:1
[    0.000000] PERCPU: Embedded 34 pages/cpu @ffff88001fc00000 s99544 r8192 d31528 u1048576
[    0.000000] PV qspinlock hash table entries: 256 (order: 0, 4096 bytes)
[    0.000000] Built 1 zonelists in Node order, mobility grouping on.  Total pages: 128889
[    0.000000] Policy zone: DMA32
[    0.000000] Kernel command line: BOOT_IMAGE=/boot/vmlinuz-4.4.0-112-generic root=LABEL=cloudimg-rootfs ro console=tty1 console=ttyS0
[    0.000000] PID hash table entries: 2048 (order: 2, 16384 bytes)
[    0.000000] Memory: 485660K/523832K available (8499K kernel code, 1309K rwdata, 3988K rodata, 1508K init, 1316K bss, 38172K reserved, 0K cma-reserved)
[    0.000000] SLUB: HWalign=64, Order=0-3, MinObjects=0, CPUs=2, Nodes=1
[    0.000000] Kernel/User page tables isolation: enabled
[    0.000000] Hierarchical RCU implementation.
[    0.000000] 	Build-time adjustment of leaf fanout to 64.
[    0.000000] 	RCU restricting CPUs from NR_CPUS=512 to nr_cpu_ids=2.
[    0.000000] RCU: Adjusting geometry for rcu_fanout_leaf=64, nr_cpu_ids=2
[    0.000000] NR_IRQS:33024 nr_irqs:440 16
[    0.000000] Console: colour VGA+ 80x25
[    0.000000] console [tty1] enabled
[    0.000000] console [ttyS0] enabled
[    0.000000] tsc: Detected 2700.000 MHz processor
[    5.693228] Calibrating delay loop (skipped) preset value.. 5400.00 BogoMIPS (lpj=10800000)
[    5.697140] pid_max: default: 32768 minimum: 301
[    5.699216] ACPI: Core revision 20150930
[    5.701652] ACPI: 2 ACPI AML tables successfully acquired and loaded
[    5.716589] Security Framework initialized
[    5.719619] Yama: becoming mindful.
[    5.721215] AppArmor: AppArmor initialized
[    5.731877] Dentry cache hash table entries: 65536 (order: 7, 524288 bytes)
[    5.743864] Inode-cache hash table entries: 32768 (order: 6, 262144 bytes)
[    5.760281] Mount-cache hash table entries: 1024 (order: 1, 8192 bytes)
[    5.841806] Mountpoint-cache hash table entries: 1024 (order: 1, 8192 bytes)
[    5.891873] Initializing cgroup subsys io
[    5.894781] Initializing cgroup subsys memory
[    5.898945] Initializing cgroup subsys devices
[    5.913811] Initializing cgroup subsys freezer
[    5.926548] Initializing cgroup subsys net_cls
[    5.929992] Initializing cgroup subsys perf_event
[    5.932580] Initializing cgroup subsys net_prio
[    5.935550] Initializing cgroup subsys hugetlb
[    5.942969] Initializing cgroup subsys pids
[    5.946192] CPU: Physical Processor ID: 0
[    5.949077] CPU: Processor Core ID: 0
[    5.956859] FEATURE SPEC_CTRL Not Present
[    5.960487] mce: CPU supports 0 MCE banks
[    5.983374] Last level iTLB entries: 4KB 64, 2MB 8, 4MB 8
[    5.993008] Last level dTLB entries: 4KB 64, 2MB 0, 4MB 0, 1GB 4
[    5.997255] Freeing SMP alternatives memory: 32K
[    6.033426] ftrace: allocating 32180 entries in 126 pages
[    6.089935] smpboot: APIC(0) Converting physical 0 to logical package 0
[    6.141966] smpboot: Max logical packages: 1
[    6.144141] x2apic enabled
[    6.145468] Switched APIC routing to physical x2apic.
[    6.148456] ..TIMER: vector=0x30 apic1=0 pin1=2 apic2=-1 pin2=-1
[    6.286304] smpboot: CPU0: Intel(R) Core(TM) i5-5257U CPU @ 2.70GHz (family: 0x6, model: 0x3d, stepping: 0x4)
[    6.316760] Performance Events: unsupported p6 CPU model 61 no PMU driver, software events only.
[    6.329189] KVM setup paravirtual spinlock
[    6.331421] x86: Booting SMP configuration:
[    6.334613] .... node  #0, CPUs:      #1
[    6.336223] kvm-clock: cpu 1, msr 0:1ffe3041, secondary cpu clock
[    6.358879] mce: CPU supports 0 MCE banks
[    6.380627] x86: Booted up 1 node, 2 CPUs
[    6.384023] smpboot: Total of 2 processors activated (10800.00 BogoMIPS)
[    6.392676] devtmpfs: initialized
[    6.396780] evm: security.selinux
[    6.399589] evm: security.SMACK64
[    6.400994] evm: security.SMACK64EXEC
[    6.402967] evm: security.SMACK64TRANSMUTE
[    6.410081] evm: security.SMACK64MMAP
[    6.411457] evm: security.ima
[    6.412977] evm: security.capability
[    6.415958] clocksource: jiffies: mask: 0xffffffff max_cycles: 0xffffffff, max_idle_ns: 7645041785100000 ns
[    6.419388] futex hash table entries: 512 (order: 3, 32768 bytes)
[    6.421714] pinctrl core: initialized pinctrl subsystem
[    6.430555] RTC time: 17:14:33, date: 02/07/18
[    6.432912] NET: Registered protocol family 16
[    6.446618] cpuidle: using governor ladder
[    6.462278] cpuidle: using governor menu
[    6.465222] PCCT header not found.
[    6.466986] ACPI: bustype PCI registered
[    6.509998] acpiphp: ACPI Hot Plug PCI Controller Driver version: 0.5
[    6.673466] PCI: Using configuration type 1 for base access
[    6.779133] ACPI: Added _OSI(Module Device)
[    6.837411] ACPI: Added _OSI(Processor Device)
[    6.897742] ACPI: Added _OSI(3.0 _SCP Extensions)
[    6.910219] ACPI: Added _OSI(Processor Aggregator Device)
[    6.924686] ACPI: Executed 1 blocks of module-level executable AML code
[    6.953046] ACPI: Interpreter enabled
[    6.962752] ACPI: (supports S0 S5)
[    6.969354] ACPI: Using IOAPIC for interrupt routing
[    7.018386] PCI: Using host bridge windows from ACPI; if necessary, use "pci=nocrs" and report a bug
[    7.092067] ACPI: PCI Root Bridge [PCI0] (domain 0000 [bus 00-ff])
[    7.131485] acpi PNP0A03:00: _OSC: OS supports [ASPM ClockPM Segments MSI]
[    7.220319] acpi PNP0A03:00: _OSC failed (AE_NOT_FOUND); disabling ASPM
[    7.307891] acpi PNP0A03:00: fail to add MMCONFIG information, can't access extended PCI configuration space under this bridge.
[    7.473525] PCI host bridge to bus 0000:00
[    7.530952] pci_bus 0000:00: root bus resource [io  0x0000-0x0cf7 window]
[    7.629400] pci_bus 0000:00: root bus resource [io  0x0d00-0xffff window]
[    7.730743] pci_bus 0000:00: root bus resource [mem 0x000a0000-0x000bffff window]
[    7.845092] pci_bus 0000:00: root bus resource [mem 0x20000000-0xffdfffff window]
[    7.905380] pci_bus 0000:00: root bus resource [bus 00-ff]
[    7.960288] pci 0000:00:01.1: legacy IDE quirk: reg 0x10: [io  0x01f0-0x01f7]
[    7.984822] pci 0000:00:01.1: legacy IDE quirk: reg 0x14: [io  0x03f6]
[    7.997674] pci 0000:00:01.1: legacy IDE quirk: reg 0x18: [io  0x0170-0x0177]
[    8.007222] pci 0000:00:01.1: legacy IDE quirk: reg 0x1c: [io  0x0376]
[    8.051322] pci 0000:00:07.0: quirk: [io  0x4000-0x403f] claimed by PIIX4 ACPI
[    8.066611] pci 0000:00:07.0: quirk: [io  0x4100-0x410f] claimed by PIIX4 SMB
[    8.142226] ACPI: PCI Interrupt Link [LNKA] (IRQs 5 9 10 *11)
[    8.199765] ACPI: PCI Interrupt Link [LNKB] (IRQs 5 9 10 *11)
[    8.229966] ACPI: PCI Interrupt Link [LNKC] (IRQs 5 9 *10 11)
[    8.261685] ACPI: PCI Interrupt Link [LNKD] (IRQs 5 *9 10 11)
[    8.274170] ACPI: Enabled 2 GPEs in block 00 to 07
[    8.309149] vgaarb: setting as boot device: PCI:0000:00:02.0
[    8.349958] vgaarb: device added: PCI:0000:00:02.0,decodes=io+mem,owns=io+mem,locks=none
[    8.419190] vgaarb: loaded
[    8.445974] vgaarb: bridge control possible 0000:00:02.0
[    8.491462] SCSI subsystem initialized
[    8.526760] ACPI: bus type USB registered
[    8.571972] usbcore: registered new interface driver usbfs
[    8.634117] usbcore: registered new interface driver hub
[    8.706227] usbcore: registered new device driver usb
[    8.730298] PCI: Using ACPI for IRQ routing
[    8.755339] NetLabel: Initializing
[    8.769619] NetLabel:  domain hash size = 128
[    8.832475] NetLabel:  protocols = UNLABELED CIPSOv4
[    8.896142] NetLabel:  unlabeled traffic allowed by default
[    8.954681] amd_nb: Cannot enumerate AMD northbridges
[    9.017132] clocksource: Switched to clocksource kvm-clock
[    9.110847] AppArmor: AppArmor Filesystem Enabled
[    9.182853] pnp: PnP ACPI init
[    9.226468] pnp: PnP ACPI: found 3 devices
[    9.311202] clocksource: acpi_pm: mask: 0xffffff max_cycles: 0xffffff, max_idle_ns: 2085701024 ns
[    9.396806] NET: Registered protocol family 2
[    9.408737] TCP established hash table entries: 4096 (order: 3, 32768 bytes)
[    9.495448] TCP bind hash table entries: 4096 (order: 4, 65536 bytes)
[    9.514527] TCP: Hash tables configured (established 4096 bind 4096)
[    9.559683] UDP hash table entries: 256 (order: 1, 8192 bytes)
[    9.599829] UDP-Lite hash table entries: 256 (order: 1, 8192 bytes)
[    9.625594] NET: Registered protocol family 1
[    9.680548] pci 0000:00:00.0: Limiting direct PCI/PCI transfers
[    9.705874] pci 0000:00:01.0: Activating ISA DMA hang workarounds
[    9.781541] Unpacking initramfs...
[   11.661858] Freeing initrd memory: 10792K
[   11.744698] RAPL PMU detected, API unit is 2^-32 Joules, 4 fixed counters 10737418240 ms ovfl timer
[   11.832268] hw unit of domain pp0-core 2^-0 Joules
[   11.872616] hw unit of domain package 2^-0 Joules
[   11.915428] hw unit of domain dram 2^-0 Joules
[   11.970055] hw unit of domain pp1-gpu 2^-0 Joules
[   12.031053] platform rtc_cmos: registered platform RTC device (no PNP device found)
[   12.185290] Scanning for low memory corruption every 60 seconds
[   12.195415] audit: initializing netlink subsys (disabled)
[   12.250716] audit: type=2000 audit(1518023676.437:1): initialized
[   12.271445] Initialise system trusted keyring
[   12.290290] HugeTLB registered 2 MB page size, pre-allocated 0 pages
[   12.339195] zbud: loaded
[   12.345614] VFS: Disk quotas dquot_6.6.0
[   12.354045] VFS: Dquot-cache hash table entries: 512 (order 0, 4096 bytes)
[   12.361885] squashfs: version 4.0 (2009/01/31) Phillip Lougher
[   12.370444] fuse init (API version 7.23)
[   12.389646] Key type big_key registered
[   12.398206] Allocating IMA MOK and blacklist keyrings.
[   12.410594] Key type asymmetric registered
[   12.416958] Asymmetric key parser 'x509' registered
[   12.424045] Block layer SCSI generic (bsg) driver version 0.4 loaded (major 249)
[   12.438001] io scheduler noop registered
[   12.444686] io scheduler deadline registered (default)
[   12.448844] io scheduler cfq registered
[   12.508326] pci_hotplug: PCI Hot Plug PCI Core version: 0.5
[   12.538375] pciehp: PCI Express Hot Plug Controller Driver version: 0.4
[   12.564746] ACPI: AC Adapter [AC] (off-line)
[   12.579061] input: Power Button as /devices/LNXSYSTM:00/LNXPWRBN:00/input/input0
[   12.611504] ACPI: Power Button [PWRF]
[   12.616306] input: Sleep Button as /devices/LNXSYSTM:00/LNXSLPBN:00/input/input1
[   12.627800] ACPI: Sleep Button [SLPF]
[   12.637277] GHES: HEST is not enabled!
[   12.639715] ACPI: Battery Slot [BAT0] (battery present)
[   12.748630] Serial: 8250/16550 driver, 32 ports, IRQ sharing enabled
[   12.840118] 00:02: ttyS0 at I/O 0x3f8 (irq = 4, base_baud = 115200) is a 16550A
[   12.905869] Linux agpgart interface v0.103
[   12.995922] loop: module loaded
[   13.045403] tsc: Refined TSC clocksource calibration: 2698.060 MHz
[   13.153879] clocksource: tsc: mask: 0xffffffffffffffff max_cycles: 0x26e415bd3e2, max_idle_ns: 440795305454 ns
[   13.154531] scsi host0: ata_piix
[   13.154584] scsi host1: ata_piix
[   13.154611] ata1: PATA max UDMA/33 cmd 0x1f0 ctl 0x3f6 bmdma 0xd000 irq 14
[   13.154612] ata2: PATA max UDMA/33 cmd 0x170 ctl 0x376 bmdma 0xd008 irq 15
[   13.154719] libphy: Fixed MDIO Bus: probed
[   13.154721] tun: Universal TUN/TAP device driver, 1.6
[   13.154721] tun: (C) 1999-2004 Max Krasnyansky <maxk@qualcomm.com>
[   13.409355] PPP generic driver version 2.4.2
[   13.409417] ehci_hcd: USB 2.0 'Enhanced' Host Controller (EHCI) Driver
[   13.409421] ehci-pci: EHCI PCI platform driver
[   13.409434] ehci-platform: EHCI generic platform driver
[   13.409442] ohci_hcd: USB 1.1 'Open' Host Controller (OHCI) Driver
[   13.409445] ohci-pci: OHCI PCI platform driver
[   13.409451] ohci-platform: OHCI generic platform driver
[   13.409456] uhci_hcd: USB Universal Host Controller Interface driver
[   13.409507] i8042: PNP: PS/2 Controller [PNP0303:PS2K,PNP0f03:PS2M] at 0x60,0x64 irq 1,12
[   13.409966] serio: i8042 KBD port at 0x60,0x64 irq 1
[   13.409970] serio: i8042 AUX port at 0x60,0x64 irq 12
[   13.410057] mousedev: PS/2 mouse device common for all mice
[   13.410305] input: AT Translated Set 2 keyboard as /devices/platform/i8042/serio0/input/input2
[   13.410652] rtc_cmos rtc_cmos: rtc core: registered rtc_cmos as rtc0
[   13.410703] rtc_cmos rtc_cmos: alarms up to one day, 114 bytes nvram
[   13.410708] i2c /dev entries driver
[   13.410754] device-mapper: uevent: version 1.0.3
[   13.410800] device-mapper: ioctl: 4.34.0-ioctl (2015-10-28) initialised: dm-devel@redhat.com
[   13.410817] ledtrig-cpu: registered to indicate activity on CPUs
[   13.411409] NET: Registered protocol family 10
[   13.411533] NET: Registered protocol family 17
[   13.411544] Key type dns_resolver registered
[   13.411698] microcode: CPU0 sig=0x306d4, pf=0x40, revision=0x0
[   13.413219] microcode: CPU1 sig=0x306d4, pf=0x40, revision=0x0
[   13.413273] microcode: Microcode Update Driver: v2.01 <tigran@aivazian.fsnet.co.uk>, Peter Oruba
[   13.413409] registered taskstats version 1
[   13.413420] Loading compiled-in X.509 certificates
[   13.414275] Loaded X.509 cert 'Build time autogenerated kernel key: 4c603087bab8f0a02cb3b4e1fb4c40f507e71ef1'
[   13.414309] zswap: loaded using pool lzo/zbud
[   13.415986] Key type trusted registered
[   13.418802] Key type encrypted registered
[   13.418809] AppArmor: AppArmor sha1 policy hashing enabled
[   13.418813] ima: No TPM chip found, activating TPM-bypass!
[   13.418832] evm: HMAC attrs: 0x1
[   13.419185]   Magic number: 6:471:238
[   13.459276] rtc_cmos rtc_cmos: setting system clock to 2018-02-07 17:14:40 UTC (1518023680)
[   13.459399] BIOS EDD facility v0.16 2004-Jun-25, 0 devices found
[   13.459399] EDD information not available.
[   15.781058] Freeing unused kernel memory: 1508K
[   15.827221] Write protecting the kernel read-only data: 14336k
[   15.860331] Freeing unused kernel memory: 1728K
[   15.949593] Freeing unused kernel memory: 108K
Loading, please wait...
starting version[   16.075397] random: udevadm: uninitialized urandom read (16 bytes read, 5 bits of entropy available)
 229
[   16.077214] random: systemd-udevd: uninitialized urandom read (16 bytes read, 5 bits of entropy available)
[   16.077620] random: systemd-udevd: uninitialized urandom read (16 bytes read, 5 bits of entropy available)
[   16.077859] random: systemd-udevd: uninitialized urandom read (16 bytes read, 5 bits of entropy available)
[   16.077975] random: systemd-udevd: uninitialized urandom read (16 bytes read, 5 bits of entropy available)
[   16.153358] random: udevadm: uninitialized urandom read (16 bytes read, 5 bits of entropy available)
[   16.237588] random: systemd-udevd: uninitialized urandom read (16 bytes read, 5 bits of entropy available)
[   16.241378] random: udevadm: uninitialized urandom read (16 bytes read, 5 bits of entropy available)
[   16.241423] random: udevadm: uninitialized urandom read (16 bytes read, 5 bits of entropy available)
[   16.241579] random: udevadm: uninitialized urandom read (16 bytes read, 5 bits of entropy available)
[   16.523417] e1000: Intel(R) PRO/1000 Network Driver - version 7.3.21-k8-NAPI
[   16.555737] e1000: Copyright (c) 1999-2006 Intel Corporation.
[   16.562803] Fusion MPT base driver 3.04.20
[   16.594465] Copyright (c) 1999-2008 LSI Corporation
[   16.608462] Fusion MPT SPI Host driver 3.04.20
[   16.631956] AVX version of gcm_enc/dec engaged.
[   16.654259] AES CTR mode by8 optimization enabled
[   16.764918] input: ImExPS/2 Generic Explorer Mouse as /devices/platform/i8042/serio1/input/input4
[   17.086750] e1000 0000:00:03.0 eth0: (PCI:33MHz:32-bit) 02:1f:2a:60:99:e3
[   17.194527] e1000 0000:00:03.0 eth0: Intel(R) PRO/1000 Network Connection
[   17.243847] e1000 0000:00:03.0 enp0s3: renamed from eth0
[   17.259858] mptbase: ioc0: Initiating bringup
[   17.334151] ioc0: LSI53C1030 A0: Capabilities={Initiator}
[   17.624304] scsi host2: ioc0: LSI53C1030 A0, FwRev=00000000h, Ports=1, MaxQ=256, IRQ=20
[   17.842112] scsi 2:0:0:0: Direct-Access     VBOX     HARDDISK         1.0  PQ: 0 ANSI: 5
[   17.957414] scsi target2:0:0: Beginning Domain Validation
[   18.012953] scsi target2:0:0: Domain Validation skipping write tests
[   18.017187] scsi target2:0:0: Ending Domain Validation
[   18.028209] scsi target2:0:0: asynchronous
[   18.110087] scsi 2:0:1:0: Direct-Access     VBOX     HARDDISK         1.0  PQ: 0 ANSI: 5
[   18.256686] scsi target2:0:1: Beginning Domain Validation
[   18.314944] scsi target2:0:1: Domain Validation skipping write tests
[   18.323911] scsi target2:0:1: Ending Domain Validation
[   18.346774] scsi target2:0:1: asynchronous
[   18.375304] sd 2:0:0:0: [sda] 20971520 512-byte logical blocks: (10.7 GB/10.0 GiB)
[   18.422247] sd 2:0:0:0: Attached scsi generic sg0 type 0
[   18.422776] sd 2:0:0:0: [sda] Write Protect is off
[   18.422928] sd 2:0:0:0: [sda] Incomplete mode parameter data
[   18.422930] sd 2:0:0:0: [sda] Assuming drive cache: write through
[   18.425857]  sda: sda1
[   18.427348] sd 2:0:0:0: [sda] Attached SCSI disk
[   18.567706] sd 2:0:1:0: [sdb] 20480 512-byte logical blocks: (10.5 MB/10.0 MiB)
[   18.618396] sd 2:0:1:0: Attached scsi generic sg1 type 0
[   18.685361] sd 2:0:1:0: [sdb] Write Protect is off
[   18.709287] sd 2:0:1:0: [sdb] Incomplete mode parameter data
[   18.726223] sd 2:0:1:0: [sdb] Assuming drive cache: write through
[   18.804747] sd 2:0:1:0: [sdb] Attached SCSI disk
[   19.557352] floppy0: no floppy controllers found
Begin: Loading e[   21.006096] md: linear personality registered for level -1
ssential drivers ... [   21.044599] md: multipath personality registered for level -4
[   21.113320] md: raid0 personality registered for level 0
[   21.178755] md: raid1 personality registered for level 1
[   21.273187] raid6: sse2x1   gen()  7896 MB/s
[   21.361164] raid6: sse2x1   xor()  6197 MB/s
[   21.457359] raid6: sse2x2   gen() 10393 MB/s
[   21.581365] raid6: sse2x2   xor()  6978 MB/s
[   21.693254] raid6: sse2x4   gen() 11800 MB/s
[   21.769210] raid6: sse2x4   xor()  7479 MB/s
[   21.775500] raid6: using algorithm sse2x4 gen() 11800 MB/s
[   21.779044] raid6: .... xor() 7479 MB/s, rmw enabled
[   21.785773] raid6: using ssse3x2 recovery algorithm
[   21.793579] xor: automatically using best checksumming function:
[   21.857386]    avx       : 14392.000 MB/sec
[   21.887626] async_tx: api initialized (async)
[   21.944978] md: raid6 personality registered for level 6
[   21.982839] md: raid5 personality registered for level 5
[   21.999529] md: raid4 personality registered for level 4
[   22.058939] md: raid10 personality registered for level 10
done.
Begin: Running /scripts/init-premount ...[   22.143715] Btrfs loaded
 done.
Begin: Mounting root file system ... Begin: Running /scripts/local-top ... done.
Begin: Running /script[   22.218491] EXT4-fs (sda1): mounted filesystem with ordered data mode. Opts: (null)
s/local-premount ... Scanning for Btrfs filesystems
done.
Warning: fsck not present, so skipping root file system
done.
Begin: Running /scripts/local-bottom ... done.
Begin: Running /scripts/init-bottom ... done.
[   22.459141] systemd[1]: systemd 229 running in system mode. (+PAM +AUDIT +SELINUX +IMA +APPARMOR +SMACK +SYSVINIT +UTMP +LIBCRYPTSETUP +GCRYPT +GNUTLS +ACL +XZ -LZ4 +SECCOMP +BLKID +ELFUTILS +KMOD -IDN)
[   22.614450] systemd[1]: Detected virtualization oracle.
[   22.623804] systemd[1]: Detected architecture x86-64.

Welcome to [1mUbuntu 16.04.3 LTS[0m!

[   22.710041] systemd[1]: Set hostname to <ubuntu>.
[   22.753421] systemd[1]: Initializing machine ID from random generator.
[   22.857941] systemd[1]: Installed transient /etc/machine-id file.
[   23.141786] systemd[1]: Reached target User and Group Name Lookups.
[[0;32m  OK  [0m] Reached target User and Group Name Lookups.
[   23.246673] systemd[1]: Listening on LVM2 poll daemon socket.
[[0;32m  OK  [0m] Listening on LVM2 poll daemon socket.
[   23.337720] systemd[1]: Started Forward Password Requests to Wall Directory Watch.
[[0;32m  OK  [0m] Started Forward Password Requests to Wall Directory Watch.
[   23.526155] systemd[1]: Listening on Journal Socket (/dev/log).
[[0;32m  OK  [0m] Listening on Journal Socket (/dev/log).
[   23.633896] systemd[1]: Listening on udev Kernel Socket.
[[0;32m  OK  [0m] Listening on udev Kernel Socket.
[   23.701686] systemd[1]: Listening on LVM2 metadata daemon socket.
[[0;32m  OK  [0m] Listening on LVM2 metadata daemon socket.
[   23.834047] systemd[1]: Created slice System Slice.
[[0;32m  OK  [0m] Created slice System Slice.
[   23.955226] systemd[1]: Listening on Journal Socket.
[[0;32m  OK  [0m] Listening on Journal Socket.
[   24.058089] systemd[1]: Starting Remount Root and Kernel File Systems...
[   24.059407] random: nonblocking pool is initialized
[   24.064606] EXT4-fs (sda1): re-mounted. Opts: (null)
         Starting Remount Root and Kernel File Systems...
[   24.149634] systemd[1]: Starting Nameserver information manager...
         Starting Nameserver information manager...
[   24.179098] systemd[1]: Starting Set console keymap...
         Starting Set console keymap...
[   24.310431] systemd[1]: Reached target Encrypted Volumes.
[[0;32m  OK  [0m] Reached target Encrypted Volumes.
[   24.381744] systemd[1]: Set up automount Arbitrary Executable File Formats File System Automount Point.
[[0;32m  OK  [0m] Set up automount Arbitrary Executab...ats File System Automount Point.
[   24.485560] systemd[1]: Mounting Huge Pages File System...
         Mounting Huge Pages File System...
[   24.537996] systemd[1]: Listening on Device-mapper event daemon FIFOs.
[[0;32m  OK  [0m] Listening on Device-mapper event daemon FIFOs.
[   24.717900] systemd[1]: Reached target Swap.
[[0;32m  OK  [0m] Reached target Swap.
[   24.798102] systemd[1]: Started Trigger resolvconf update for networkd DNS.
[[0;32m  OK  [0m] Started Trigger resolvconf update for networkd DNS.
[   24.922147] systemd[1]: Listening on Journal Audit Socket.
[[0;32m  OK  [0m] Listening on Journal Audit Socket.
[   25.013934] systemd[1]: Starting Uncomplicated firewall...
         Starting Uncomplicated firewall...
[   25.126065] systemd[1]: Created slice system-serial\x2dgetty.slice.
[[0;32m  OK  [0m] Created slice system-serial\x2dgetty.slice.
[   25.229869] systemd[1]: Mounting Debug File System...
         Mounting Debug File System...
[   25.277472] systemd[1]: Starting Create list of required static device nodes for the current kernel...
         Starting Create list of required st... nodes for the current kernel...
[   25.377976] systemd[1]: Starting Load Kernel Modules...
[   25.464303] Loading iSCSI transport class v2.0-870.
         Startin[   25.514185] iscsi: registered transport (tcp)
g Load Kernel Modules...
[   25.614696] systemd[1]: Listening on udev Control Socket.
[   25.621320] iscsi: registered transport (iser)
[[0;32m  OK  [0m] Listening on udev Control Socket.
[   25.758036] systemd[1]: Starting Monitoring of LVM2 mirrors, snapshots etc. using dmeventd or progress polling...
         Starting Monitoring of LVM2 mirrors... dmeventd or progress polling...
[   25.973557] systemd[1]: Mounting POSIX Message Queue File System...
         Mounting POSIX Message Queue File System...
[   26.110052] systemd[1]: Created slice User and Session Slice.
[[0;32m  OK  [0m] Created slice User and Session Slice.
[   26.194287] systemd[1]: Reached target Slices.
[[0;32m  OK  [0m] Reached target Slices.
[   26.278081] systemd[1]: Listening on /dev/initctl Compatibility Named Pipe.
[[0;32m  OK  [0m] Listening on /dev/initctl Compatibility Named Pipe.
[   26.389584] systemd[1]: Listening on Syslog Socket.
[[0;32m  OK  [0m] Listening on Syslog Socket.
[   26.453839] systemd[1]: Starting Journal Service...
         Starting Journal Service...
[   26.598855] systemd[1]: Mounted Huge Pages File System.
[[0;32m  OK  [0m] Mounted Huge Pages File System.
[   26.732193] systemd[1]: Mounted Debug File System.
[[0;32m  OK  [0m] Mounted Debug File System.
[   26.786040] systemd[1]: Mounted POSIX Message Queue File System.
[[0;32m  OK  [0m] Mounted POSIX Message Queue File System.
[   26.866152] systemd[1]: Started Journal Service.
[[0;32m  OK  [0m] Started Journal Service.
[[0;32m  OK  [0m] Started Remount Root and Kernel File Systems.
[[0;32m  OK  [0m] Started Set console keymap.
[[0;32m  OK  [0m] Started Uncomplicated firewall.
[[0;32m  OK  [0m] Started Create list of required sta...ce nodes for the current kernel.
[[0;32m  OK  [0m] Started Load Kernel Modules.
[[0;32m  OK  [0m] Started Nameserver information manager.
[[0;32m  OK  [0m] Started LVM2 metadata daemon.
         Mounting FUSE Control File System...
         Starting Apply Kernel Variables...
         Starting Create Static Device Nodes in /dev...
         Starting Load/Save Random Seed...
         Starting Initial cloud-init job (pre-networking)...
         Starting udev Coldplug all Devices...
         Starting Flush Journal to Persistent Storage...
[[0;32m  OK  [0m] Mounted FUSE Control File System.
[[0;32m  OK  [0m] Started Apply Kernel Variables.
[[0;32m  OK  [0m] Started Create Static Device Nodes in /dev.
[[0;32m  OK  [0m] Started Load/Save Random Seed.
[[0;32m  OK  [0m] Started Monitoring of LVM2 mirrors,...ng dmeventd or progress polling.
[[0;32m  OK  [0m] Started udev Coldplug all Devices.
[[0;32m  OK  [0m] Started Flush Journal to Persistent Storage.
         Starting udev Kernel Device Manager...
[[0;32m  OK  [0m] Started udev Kernel Device Manager.
[[0;32m  OK  [0m] Started Dispatch Password Requests to Console Directory Watch.
[[0;32m  OK  [0m] Reached target Local File Systems (Pre).
[[0;32m  OK  [0m] Reached target Local File Systems.
         Starting LSB: AppArmor initialization...
         Starting Set console font and keymap...
         Starting Tell Plymouth To Write Out Runtime Data...
         Starting Commit a transient machine-id on disk...
         Starting Create Volatile Files and Directories...
[[0;32m  OK  [0m] Started Tell Plymouth To Write Out Runtime Data.
[[0;32m  OK  [0m] Started Commit a transient machine-id on disk.
[[0;32m  OK  [0m] Started Create Volatile Files and Directories.
[[0;32m  OK  [0m] Reached target System Time Synchronized.
         Starting Update UTMP about System Boot/Shutdown...
[[0;32m  OK  [0m] Started Update UTMP about System Boot/Shutdown.
[[0;32m  OK  [0m] Found device /dev/ttyS0.
[[0;1;31mFAILED[0m] Failed to start Set console font and keymap.
See 'systemctl status console-setup.service' for details.
[   22.561093] cloud-init[452]: Cloud-init v. 17.1 running 'init-local' at Wed, 07 Feb 2018 17:14:57 +0000. Up 21.66 seconds.
[[0;32m  OK  [0m] Started Initial cloud-init job (pre-networking).
[[0;32m  OK  [0m] Started LSB: AppArmor initialization.
[[0;32m  OK  [0m] Listening on Load/Save RF Kill Switch Status /dev/rfkill Watch.
[[0;32m  OK  [0m] Reached target Network (Pre).
         Starting Raise network interfaces...
[[0;32m  OK  [0m] Created slice system-getty.slice.
[[0;32m  OK  [0m] Started Raise network interfaces.
         Starting Initial cloud-init job (metadata service crawler)...
[[0;32m  OK  [0m] Reached target Network.
[   25.421168] cloud-init[922]: Cloud-init v. 17.1 running 'init' at Wed, 07 Feb 2018 17:14:59 +0000. Up 24.42 seconds.
[   25.509204] [cloud-init[0;32m  OK  [0m[922]: ] ci-info: +++++++++++++++++++++++++++++++++++++Net device info++++++++++++++++++++++++++++++++++++++Started Initial cloud-init job (metadata service crawler).

[   25.510114] cloud-init[922]: ci-info: +--------+------+----------------------------+---------------+-------+-------------------+
[   25.727411] cloud-init[922]: ci-info: | Device |  Up  |          Address           |      Mask     | Scope |     Hw-Address    |
[[0;32m  OK  [0m] Reached target Network is Online.
[   25.728382] cloud-init[922]: ci-info: +--------+------+----------------------------+---------------+-------+-------------------+
[   25.952470]          cloud-initStarting iSCSI initiator daemon (iscsid)...[922]: 
ci-info: | enp0s3 | True |         10.0.2.15          | 255.255.255.0 |   .   | 02:1f:2a:60:99:e3 |
[   26.096844] [cloud-init[0;32m  OK  [0m[922]: ] ci-info: | enp0s3 | True | fe80::1f:2aff:fe60:99e3/64 |       .       |  link | 02:1f:2a:60:99:e3 |Reached target System Initialization.

[[0;32m  OK  [0m] Listening on ACPID Listen Socket.
[[0;32m  OK  [0m] Listening on UUID daemon activation socket.
[   26.097895] cloud-init[922]: ci-info: |   lo   | True |         127.0.0.1          |   255.0.0.0   |   .   |         .         |
[   26.372612] [cloud-init[0;32m  OK  [0m[922]: ] ci-info: |   lo   | True |          ::1/128           |       .       |  host |         .         |Started Daily apt download activities.

[[0;32m  OK  [0m] Started Timer to automatically refresh installed snaps.
         Starting Socket activation for snappy daemon.
[   26.373755] cloud-init[922]: ci-info: +--------+------+----------------------------+---------------+-------+-------------------+
[   26.684565]          cloud-initStarting LXD - unix socket.[922]: 
ci-info: +++++++++++++++++++++++++++Route IPv4 info++++++++++++++++++++++++++++
[   26.788681] [cloud-init[0;32m  OK  [0m[922]: ] ci-info: +-------+-------------+----------+---------------+-----------+-------+Started ACPI Events Check.

[[0;32m  OK  [0m] Reached target Paths.
[   26.789550] cloud-init[922]: ci-info: | Route | Destination | Gateway  |    Genmask    | Interface | Flags |[
[0;32m  OK  [0m] Started Daily Cleanup of Temporary Directories.
[[0;32m  OK  [0m] Listening on D-Bus System Message Bus Socket.
[[0;32m  OK  [0m] Started Daily apt upgrade and clean activities.
[   26.883603] cloud-init[922]: ci-info: +-------+-------------+----------+---------------+-----------+-------+
[   27.316672] [cloud-init[0;32m  OK  [0m[922]: ] ci-info: |   0   |   0.0.0.0   | 10.0.2.2 |    0.0.0.0    |   enp0s3  |   UG  |Reached target Timers.

[   27.317769] [cloud-init[0;32m  OK  [0m[922]: ] ci-info: |   1   |   10.0.2.0  | 0.0.0.0  | 255.255.255.0 |   enp0s3  |   U   |Reached target Cloud-config availability.

[   27.449615] cloud-init[922]: ci-info: +-------+-------------+----------+---------------+-----------+-------+
[   27.596782] [cloud-init[0;32m  OK  [0m[922]: ] Generating public/private rsa key pair.Listening on Socket activation for snappy daemon.

[   27.708115] [cloud-init[0;32m  OK  [0m[922]: ] Your identification has been saved in /etc/ssh/ssh_host_rsa_key.Listening on LXD - unix socket.

[   27.804446] [cloud-init[0;32m  OK  [0m[922]: ] Your public key has been saved in /etc/ssh/ssh_host_rsa_key.pub.Started iSCSI initiator daemon (iscsid).

[   27.906811]          cloud-initStarting Login to default iSCSI targets...[922]: 
The key fingerprint is:
[   28.008647] [cloud-init[0;32m  OK  [0m[922]: ] SHA256:W7Mc8WP+70vXijUjzTOBELgutbTS7KKbQfVauc2huEI root@ubuntu-xenialReached target Sockets.

[   28.009645] cloud-init[922]: The key's randomart image is:
[[0;32m  OK  [0m] Reached target Basic System.
[   28.129904] cloud-init[922]: +---[RSA 2048]----+
[   28.224470] [cloud-init[0;32m  OK  [0m[922]: ] |         ..      |Started ACPI event daemon.

[   28.225414] cloud-init[922]: |        .  .     |
         Starting Login Service...
[   28.307342] cloud-init[922]: |      .  .o      |
[[0;32m  OK  [0m] Started Deferred execution scheduler.
[   28.354275] cloud-init[922]: |     . .+. + .   |
[   28.430266]          cloud-initStarting System Logging Service...[922]: 
|    .  *So= = .  |
[   28.431320] cloud-init[922]: |   .E o+*O B + ..|
[   28.556666] [cloud-init[0;32m  OK  [0m[922]: ] |   .. o++ = o O.o|Started FUSE filesystem for LXC.

[   28.557852] cloud-init[922]: |    .o...    =.*.|
[   28.710304]          cloud-initStarting LXD - container startup/shutdown...[922]: 
|    ++..    . o++|
         Starting LSB: MD monitoring daemon...
[   28.770143] cloud-init[922]: +----[SHA256]-----+
[   28.844401] cloud-init[922]: Generating public/private dsa key pair.
[   28.844982] cloud-init[922]: Your identification has been saved in /etc/ssh/ssh_host_dsa_key.
         Starting Accounts Service...
[   28.845408] cloud-init[922]: Your public key has been saved in /etc/ssh/ssh_host_dsa_key.pub.
[   28.984544] cloud-init[922]: The key fingerprint is:
[   28.985579] cloud-init[922]: SHA256:OPsRS6qblXJ9khFUA5Q9mclsOhNIRWgyBsKWdflWzek root@ubuntu-xenial
[[0;32m  OK  [0m] Started D-Bus System Message Bus.
[   28.985985] cloud-init[922]: The key's randomart image is:
[   29.108538] cloud-init[922]: +---[DSA 1024]----+
[   29.109188] cloud-init[922]: |o +o oo**B=+.    |
[[0;32m  OK  [0m] Started Regular background program processing daemon.
[   29.109641] cloud-init[922]: | =  =.+.o.X=     |
[   29.253230] cloud-init[922]: |.  . +. o+..     |
         Starting Snappy daemon...
[   29.254625] cloud-init[922]: |       ++. E     |
[   29.326125] cloud-init[922]: |      + So       |
[   29.326670] cloud-init[922]: |       B =       |
         Starting /etc/rc.local Compatibility...
[   29.327054] cloud-init[922]: |    . * * .      |
[   29.431663] cloud-init[922]: |     * . +       |
[   29.433148] cloud-init[922]: |    +.  .        |
         Starting Pollinate to seed the pseudo random number generator...
[[   29.433315] cloud-init[922]: +----[SHA256]-----+
[   29.485044] cloud-init[922]: Generating public/private ecdsa key pair.
[0;32m  OK  [0m] Started Unattended Upgrades Shutdown.
[   29.485540] cloud-init[922]: Your identification has been saved in /etc/ssh/ssh_host_ecdsa_key.
[   29.548688] cloud-init[922]: Your public key has been saved in /etc/ssh/ssh_host_ecdsa_key.pub.
[   29.560972] cloud-init[922]: The key fingerprint is:
[   29.561937] cloud-init[922]: SHA256:21NaAvYVaEk+Jv+d0bs1hFSzIlVptaX+SlogOzEZkcc root@ubuntu-xenial
         Starting LSB: Record successful boot for GRUB...
[   29.562931] cloud-init[922]: The key's randomart image is:
[   29.612785]          cloud-initStarting Apply the settings specified in cloud-config...[922]: 
+---[ECDSA 256]---+
[   29.613816] cloud-init[922]: |         .o=...+=|
[   29.712680] [cloud-init[0;32m  OK  [0m[922]: ] |         .=.E..+=|Started System Logging Service.

[   29.752761] [[0;32m  OK  [0m] Started Snappy daemon.
cloud-init[922]: |        +.=o.ooo |
[   29.795969] [cloud-init[0;32m  OK  [0m[922]: ] |       . * =o.o. |Started LXD - container startup/shutdown.

[   29.798836] cloud-init[922]: |        S O +.o..|
[   29.864503] [cloud-init[0;32m  OK  [0m[922]: ] |         o @ o.+.|Started /etc/rc.local Compatibility.

[   29.892697] cloud-init[922]: |        . * . =oo|
[   29.941896] cloud-init[922]: |           o + .+|
[[0;32m  OK  [0m] Started Login to default iSCSI targets.
[   29.983236] cloud-init[922]: |            . .. |
[   30.037321] cloud-init[922]: +----[SHA256]-----+
[   30.046433] cloud-init[922]: Generating public/private ed25519 key pair.
[   30.053161] cloud-init[922]: Your identification has been saved in /etc/ssh/ssh_host_ed25519_key.
[   30.064493] [[0;32m  OK  [0m] Started LSB: MD monitoring daemon.
cloud-init[922]: Your public key has been saved in /etc/ssh/ssh_host_ed25519_key.pub.
[[0;32m  OK  [0m] Started Login Service.
[   30.100766] [[0;32m  OK  [0m] Started LSB: Record successful boot for GRUB.
cloud-init[922]: The key fingerprint is:
[   30.129638]          Starting Authenticate and Authorize Users to Run Privileged Tasks...
[[0;32m  OK  [0m] Reached target Remote File Systems (Pre).
[[0;32m  OK  [0m] Reached target Remote File Systems.
cloud-init[922]: SHA256:ZpxHdWfyQcF6/GjawE7BQdKc/b3Ig1xN+GAE0zvJsSM root@ubuntu-xenial
[   30.220626]          cloud-initStarting LSB: automatic crash report generation...[922]: 
The key's randomart image is:
         Starting LSB: daemon to balance interrupts for SMP systems...
[   30.257033] cloud-init[922]: +--[ED25519 256]--+
[   30.309159]          cloud-initStarting LSB: VirtualBox Linux Additions...[922]: 
|          .**+*++|
[   30.384245]          cloud-initStarting Permit User Sessions...[922]: 
|           o*B.B.|
         Starting LSB: Set the CPU Frequency Scaling governor to "ondemand"...
[[0;32m  OK  [0m] Started Pollinate to seed the pseudo random number generator.
[[0;32m  OK  [0m] Started Permit User Sessions.
[[0;32m  OK  [0m] Started Authenticate and Authorize Users to Run Privileged Tasks.
[   30.435973] cloud-init[922]: |          ..o.%.o|
[[0;32m  OK  [0m] Started Accounts Service.
[   30.590022] cloud-init[922]: |       . o EoX =o|
[   30.630727] cloud-init[922]: |        S o.=.=.o|
[   30.649611] cloud-init[922]: |       o . o++o..|
         Starting Hold until boot process finishes up...
[   30.693767] cloud-init[922]: |           o =.  |
[   30.722382]          Starting Terminate Plymouth Boot Screen...
cloud-init[922]: |            o .  |
[   30.766303]          cloud-initStarting OpenBSD Secure Shell server...[922]: 
|                 |
[   30.767763] cloud-init[922]: +----[SHA256]-----+
[[0;32m  OK  [0m] Started OpenBSD Secure Shell server.
[[0;32m  OK  [0m] Started LSB: automatic crash report generation.
[[0;32m  OK  [0m] Started LSB: daemon to balance interrupts for SMP systems.
[[0;32m  OK  [0m] Started LSB: VirtualBox Linux Additions.
[[0;32m  OK  [0m] Started LSB: Set the CPU Frequency Scaling governor to "ondemand".
[   30.950025] cloud-init[1118]: Generating locales (this might take a while)...
[[0;32m  OK  [0m] Started Hold until boot process finishes up.
[[0;32m  OK  [0m] Started Terminate Plymouth Boot Screen.
[[0;32m  OK  [0m] Started Getty on tty1.
         Starting Set console scheme...
[[0;32m  OK  [0m] Started Serial Getty on ttyS0.
[[0;32m  OK  [0m] Reached target Login Prompts.
[[0;32m  OK  [0m] Reached target Multi-User System.
[[0;32m  OK  [0m] Reached target Graphical Interface.
         Starting Update UTMP about System Runlevel Changes...
[[0;32m  OK  [0m] Started Set console scheme.
[[0;32m  OK  [0m] Started Update UTMP about System Runlevel Changes.
[[0;32m  OK  [0m] Created slice User Slice of vagrant.
[[0;32m  OK  [0m] Started Session 1 of user vagrant.
         Starting User Manager for UID 1000...
[[0;32m  OK  [0m] Started User Manager for UID 1000.
[   32.300157] cloud-init[1118]:   en_US.UTF-8... done
[   32.311595] cloud-init[1118]: Generation complete.
[   32.885862] cloud-init[1118]: Cloud-init v. 17.1 running 'modules:config' at Wed, 07 Feb 2018 17:15:05 +0000. Up 30.46 seconds.
[[0;32m  OK  [0m] Started Apply the settings specified in cloud-config.
         Starting Execute cloud user/final scripts...
         Stopping User Manager for UID 1000...
[[0;32m  OK  [0m] Stopped User Manager for UID 1000.
[[0;32m  OK  [0m] Removed slice User Slice of vagrant.
ci-info: no authorized ssh keys fingerprints found for user ubuntu.
<14>Feb  7 17:15:09 ec2: 
<14>Feb  7 17:15:09 ec2: #############################################################
<14>Feb  7 17:15:09 ec2: -----BEGIN SSH HOST KEY FINGERPRINTS-----
<14>Feb  7 17:15:09 ec2: 1024 SHA256:OPsRS6qblXJ9khFUA5Q9mclsOhNIRWgyBsKWdflWzek root@ubuntu-xenial (DSA)
<14>Feb  7 17:15:09 ec2: 256 SHA256:21NaAvYVaEk+Jv+d0bs1hFSzIlVptaX+SlogOzEZkcc root@ubuntu-xenial (ECDSA)
<14>Feb  7 17:15:09 ec2: 256 SHA256:ZpxHdWfyQcF6/GjawE7BQdKc/b3Ig1xN+GAE0zvJsSM root@ubuntu-xenial (ED25519)
<14>Feb  7 17:15:09 ec2: 2048 SHA256:W7Mc8WP+70vXijUjzTOBELgutbTS7KKbQfVauc2huEI root@ubuntu-xenial (RSA)
<14>Feb  7 17:15:09 ec2: -----END SSH HOST KEY FINGERPRINTS-----
<14>Feb  7 17:15:09 ec2: #############################################################
-----BEGIN SSH HOST KEY KEYS-----
ecdsa-sha2-nistp256 AAAAE2VjZHNhLXNoYTItbmlzdHAyNTYAAAAIbmlzdHAyNTYAAABBBIJVbD/pzk5XU0S4RCzn3hHBdopGJ6I9Pa2KvZbYxepAeJjIffPYJKCGabMr8xYfK8aX++Ymt1hSz49rDLRTTjQ= root@ubuntu-xenial
ssh-ed25519 AAAAC3NzaC1lZDI1NTE5AAAAIP5pUd9yBBwePOYZKSebE7YVaU6Brvp/fxWltrAqzQKW root@ubuntu-xenial
ssh-rsa AAAAB3NzaC1yc2EAAAADAQABAAABAQDKw4Ex9XTcYpMn1A4q6FzkX9oiqF6InV1RozSYas5D2+r68P8O5fU6+CMzuCHjZduQrdyB3pU5KkbUxbprsty+Wt0fBfhTvZn/YdA5hSJDtyhVcTNUg5qdkq51jud0WQ0fd7KJOCm0gSKc1QLPtDgoQKzSjxP2q89FysI24NNKaWYloLy0pb9jqOtA8YAMI2nUXg55bgzLs4THtQcMaTy3ncvckwEOjN1ynlpYTy+oe1bpjwi3RYq1FWSFwMQOX3SgbecoVcw9T1/qUbul8bCAuZJQPXA2m2re5ZwAwak+j4EmUA99/+yb2z91ITLKqqDnKyZc2KvCQ4yxA3+JgawP root@ubuntu-xenial
-----END SSH HOST KEY KEYS-----
[[0;32m  OK  [0m] Created slice User Slice of vagrant.
[   35.171413] cloud-init[1389]: Cloud-init v. 17.1 running 'modules:final' at Wed, 07 Feb 2018 17:15:09 +0000. Up 33.69 seconds.
         Starting User Manager for UID 1000...
[   35.262099] [cloud-init[0;32m  OK  [0m[1389]: ] ci-info: no authorized ssh keys fingerprints found for user ubuntu.Started User Manager for UID 1000.

[   35.294573] cloud-init[1389]: Cloud-init v. 17.1 finished at Wed, 07 Feb 2018 17:15:10 +0000. Datasource DataSourceNoCloud [seed=/dev/sdb][dsmode=net].  Up 35.16 seconds
[[0;32m  OK  [0m] Started Execute cloud user/final scripts.
[[0;32m  OK  [0m] Started Session 2 of user vagrant.
[[0;32m  OK  [0m] Reached target Cloud-init target.

Ubuntu 16.04.3 LTS instance ttyS0

instance login: 